SF:lib/common/exception.dart
DA:4,3
LF:1
LH:1
end_of_record
SF:lib/data/models/product.service.v1.pbgrpc.dart
DA:17,0
DA:19,0
DA:20,0
DA:21,0
DA:23,0
DA:24,0
DA:25,0
DA:27,0
DA:28,0
DA:29,0
DA:31,0
DA:32,0
DA:33,0
DA:34,0
DA:36,0
DA:37,0
DA:38,0
DA:39,0
DA:41,0
DA:42,0
DA:43,0
DA:45,0
DA:46,0
DA:47,0
DA:48,0
DA:50,0
DA:51,0
DA:52,0
DA:53,0
DA:54,0
DA:56,0
DA:57,0
DA:58,0
DA:59,0
DA:60,0
DA:62,0
DA:63,0
DA:64,0
DA:66,0
DA:67,0
DA:68,0
DA:69,0
DA:71,0
DA:72,0
DA:73,0
DA:74,0
DA:76,0
DA:77,0
DA:78,0
DA:79,0
DA:81,0
DA:82,0
DA:83,0
DA:84,0
DA:86,0
DA:87,0
DA:88,0
DA:89,0
DA:91,0
DA:92,0
DA:93,0
DA:95,0
DA:96,0
DA:97,0
DA:98,0
DA:100,0
DA:101,0
DA:102,0
DA:104,0
DA:105,0
DA:106,0
DA:108,0
DA:109,0
DA:110,0
DA:111,0
DA:113,0
DA:114,0
DA:115,0
DA:116,0
DA:118,0
DA:119,0
DA:120,0
DA:121,0
DA:122,0
DA:124,0
DA:125,0
DA:126,0
DA:127,0
DA:128,0
DA:130,0
DA:131,0
DA:132,0
DA:133,0
DA:134,0
DA:136,0
DA:137,0
DA:138,0
DA:139,0
DA:140,0
DA:142,0
DA:143,0
DA:144,0
DA:145,0
DA:146,0
DA:148,0
DA:149,0
DA:150,0
DA:151,0
DA:152,0
DA:154,0
DA:155,0
DA:156,0
DA:157,0
DA:158,0
DA:160,0
DA:161,0
DA:162,0
DA:163,0
DA:165,0
DA:166,0
DA:167,0
DA:168,0
DA:170,0
DA:171,0
DA:173,0
DA:176,0
DA:178,0
DA:180,0
DA:183,0
DA:185,0
DA:188,0
DA:190,0
DA:193,0
DA:195,0
DA:198,0
DA:200,0
DA:203,0
DA:205,0
DA:208,0
DA:210,0
DA:213,0
DA:215,0
DA:218,0
DA:221,0
DA:224,0
DA:226,0
DA:229,0
DA:231,0
DA:234,0
DA:237,0
DA:240,0
DA:243,0
DA:246,0
DA:249,0
DA:252,0
DA:255,0
DA:258,0
DA:261,0
DA:265,0
DA:267,0
DA:270,0
DA:273,0
DA:276,0
DA:278,0
DA:281,0
DA:283,0
DA:286,0
DA:289,0
DA:293,0
DA:295,0
DA:298,0
DA:301,0
DA:305,0
DA:308,0
DA:312,0
DA:315,0
DA:319,0
DA:322,0
DA:326,0
DA:329,0
DA:333,0
DA:336,0
DA:340,0
DA:343,0
DA:347,0
DA:349,0
DA:352,0
DA:354,0
DA:359,0
DA:361,0
DA:362,0
DA:364,0
DA:367,0
DA:368,0
DA:369,0
DA:371,0
DA:374,0
DA:375,0
DA:376,0
DA:378,0
DA:381,0
DA:382,0
DA:383,0
DA:385,0
DA:388,0
DA:389,0
DA:390,0
DA:392,0
DA:395,0
DA:396,0
DA:397,0
DA:399,0
DA:402,0
DA:403,0
DA:404,0
DA:406,0
DA:409,0
DA:410,0
DA:411,0
DA:413,0
DA:416,0
DA:417,0
DA:418,0
DA:419,0
DA:421,0
DA:424,0
DA:425,0
DA:426,0
DA:427,0
DA:429,0
DA:432,0
DA:433,0
DA:434,0
DA:436,0
DA:439,0
DA:440,0
DA:441,0
DA:443,0
DA:446,0
DA:447,0
DA:448,0
DA:450,0
DA:453,0
DA:454,0
DA:455,0
DA:457,0
DA:460,0
DA:461,0
DA:462,0
DA:464,0
DA:467,0
DA:468,0
DA:469,0
DA:470,0
DA:472,0
DA:475,0
DA:476,0
DA:477,0
DA:478,0
DA:480,0
DA:483,0
DA:484,0
DA:485,0
DA:487,0
DA:490,0
DA:491,0
DA:492,0
DA:493,0
DA:495,0
DA:498,0
DA:499,0
DA:500,0
DA:502,0
DA:505,0
DA:506,0
DA:507,0
DA:509,0
DA:512,0
DA:513,0
DA:514,0
DA:516,0
DA:519,0
DA:520,0
DA:521,0
DA:523,0
DA:526,0
DA:527,0
DA:528,0
DA:530,0
DA:533,0
DA:534,0
DA:535,0
DA:537,0
DA:540,0
DA:541,0
DA:542,0
DA:544,0
DA:547,0
DA:548,0
DA:549,0
DA:551,0
DA:554,0
DA:555,0
DA:556,0
DA:558,0
DA:561,0
DA:562,0
DA:563,0
DA:565,0
DA:568,0
DA:569,0
DA:570,0
DA:572,0
DA:575,0
DA:576,0
DA:577,0
DA:579,0
DA:582,0
DA:583,0
DA:586,0
DA:588,0
DA:591,0
DA:593,0
DA:596,0
DA:598,0
DA:601,0
DA:603,0
DA:606,0
DA:608,0
DA:611,0
DA:613,0
DA:616,0
DA:618,0
DA:621,0
DA:623,0
DA:626,0
DA:628,0
DA:631,0
DA:633,0
DA:636,0
DA:638,0
DA:641,0
DA:643,0
DA:646,0
DA:648,0
DA:651,0
DA:653,0
DA:656,0
DA:658,0
DA:661,0
DA:664,0
DA:667,0
DA:669,0
DA:672,0
DA:674,0
DA:677,0
DA:679,0
DA:682,0
DA:684,0
DA:687,0
DA:689,0
DA:692,0
DA:694,0
DA:697,0
DA:700,0
DA:703,0
DA:706,0
DA:709,0
DA:712,0
DA:715,0
DA:718,0
DA:721,0
DA:724,0
DA:727,0
DA:730,0
DA:733,0
DA:736,0
DA:739,0
DA:741,0
DA:744,0
DA:746,0
LF:381
LH:0
end_of_record
SF:lib/data/repositories/delivery_repository_impl.dart
DA:10,0
DA:11,0
DA:12,0
DA:18,1
DA:20,1
DA:23,2
DA:24,2
DA:25,1
DA:27,1
DA:28,1
DA:32,1
DA:35,2
DA:36,5
DA:37,1
DA:39,1
DA:40,1
DA:44,1
DA:47,3
DA:48,2
DA:49,1
DA:51,1
DA:52,1
DA:56,1
DA:59,2
DA:60,2
DA:61,1
DA:63,1
DA:64,1
DA:68,1
DA:71,2
DA:72,2
DA:73,1
DA:75,1
DA:76,1
DA:80,1
DA:83,3
DA:84,2
DA:85,1
DA:87,1
DA:88,1
DA:92,1
DA:95,2
DA:96,3
DA:97,2
DA:98,1
DA:100,1
DA:101,1
DA:105,1
DA:108,3
DA:109,2
DA:110,1
DA:112,1
DA:113,1
LF:53
LH:50
end_of_record
SF:lib/common/constant.dart
DA:28,0
DA:41,0
DA:89,0
DA:91,0
DA:92,0
DA:93,0
DA:95,0
DA:97,0
LF:8
LH:0
end_of_record
SF:lib/data/models/courier.service.v1.pb.dart
DA:16,6
DA:17,2
DA:18,2
DA:19,2
DA:20,2
DA:21,2
DA:22,2
DA:23,2
DA:24,2
DA:25,2
DA:26,2
DA:29,4
DA:30,2
DA:41,2
DA:43,2
DA:46,2
DA:49,2
DA:52,2
DA:55,2
DA:58,2
DA:61,4
DA:64,2
DA:67,2
DA:71,0
DA:72,0
DA:73,0
DA:77,0
DA:78,0
DA:82,0
DA:83,4
DA:84,2
DA:85,2
DA:86,0
DA:87,0
DA:88,0
DA:89,0
DA:92,2
DA:93,2
DA:94,2
DA:95,2
DA:96,0
DA:97,0
DA:98,0
DA:99,0
DA:101,2
DA:102,2
DA:103,2
DA:104,2
DA:105,0
DA:106,0
DA:107,0
DA:108,0
DA:110,2
DA:111,2
DA:112,2
DA:113,2
DA:114,0
DA:115,0
DA:116,0
DA:117,0
DA:119,2
DA:120,2
DA:121,2
DA:122,2
DA:123,0
DA:124,0
DA:125,0
DA:126,0
DA:128,2
DA:129,2
DA:130,2
DA:131,2
DA:132,0
DA:133,0
DA:134,0
DA:135,0
DA:137,2
DA:138,2
DA:139,2
DA:140,2
DA:141,0
DA:142,0
DA:143,0
DA:144,0
DA:146,2
DA:147,2
DA:149,2
DA:150,2
DA:151,2
DA:152,2
DA:153,0
DA:154,0
DA:155,0
DA:156,0
DA:157,0
DA:158,0
DA:160,2
DA:161,2
DA:162,2
DA:163,2
DA:164,0
DA:165,0
DA:166,0
DA:167,0
DA:168,0
DA:169,0
DA:173,3
DA:174,1
DA:175,1
DA:176,1
DA:177,1
DA:180,2
DA:181,1
DA:186,1
DA:188,1
DA:191,0
DA:194,1
DA:198,0
DA:199,0
DA:200,0
DA:204,0
DA:205,0
DA:209,0
DA:210,2
DA:211,1
DA:212,1
DA:213,0
DA:214,0
DA:215,0
DA:216,0
DA:219,0
DA:220,0
DA:221,1
DA:222,1
DA:223,0
DA:224,0
DA:225,0
DA:226,0
DA:228,0
DA:229,0
DA:230,0
DA:231,0
DA:232,0
DA:233,0
DA:234,0
DA:235,0
DA:237,1
DA:238,1
DA:239,1
DA:240,1
DA:241,0
DA:242,0
DA:243,0
DA:244,0
DA:245,0
DA:246,0
DA:250,0
DA:251,0
DA:252,0
DA:253,0
DA:254,0
DA:257,0
DA:258,0
DA:263,0
DA:265,0
DA:268,0
DA:271,0
DA:275,0
DA:276,0
DA:277,0
DA:281,0
DA:282,0
DA:286,0
DA:287,0
DA:288,0
DA:289,0
DA:290,0
DA:291,0
DA:292,0
DA:293,0
DA:296,0
DA:297,0
DA:298,0
DA:299,0
DA:300,0
DA:301,0
DA:302,0
DA:303,0
DA:305,0
DA:306,0
DA:307,0
DA:308,0
DA:309,0
DA:310,0
DA:311,0
DA:312,0
DA:314,0
DA:315,0
DA:319,6
DA:320,2
DA:321,2
DA:322,2
DA:323,2
DA:324,2
DA:325,2
DA:326,2
DA:327,2
DA:328,2
DA:331,4
DA:332,2
DA:342,2
DA:344,2
DA:347,2
DA:350,2
DA:353,2
DA:356,2
DA:359,2
DA:362,2
DA:365,2
DA:369,0
DA:370,0
DA:371,0
DA:375,0
DA:376,0
DA:380,0
DA:381,4
DA:382,2
DA:383,2
DA:384,0
DA:385,0
DA:386,0
DA:387,0
DA:390,2
DA:391,2
DA:392,2
DA:393,2
DA:394,0
DA:395,0
DA:396,0
DA:397,0
DA:399,2
DA:400,2
DA:401,2
DA:402,2
DA:403,0
DA:404,0
DA:405,0
DA:406,0
DA:408,2
DA:409,2
DA:410,2
DA:411,2
DA:412,0
DA:413,0
DA:414,0
DA:415,0
DA:417,2
DA:418,2
DA:419,2
DA:420,2
DA:421,0
DA:422,0
DA:423,0
DA:424,0
DA:425,0
DA:426,0
DA:428,2
DA:429,2
DA:430,2
DA:431,2
DA:432,0
DA:433,0
DA:434,0
DA:435,0
DA:437,2
DA:438,2
DA:439,2
DA:440,2
DA:441,0
DA:442,0
DA:443,0
DA:444,0
DA:446,2
DA:447,2
DA:448,2
DA:449,2
DA:450,0
DA:451,0
DA:452,0
DA:453,0
DA:455,2
DA:456,2
DA:457,2
DA:458,2
DA:459,0
DA:460,0
DA:461,0
DA:462,0
DA:466,3
DA:467,1
DA:468,1
DA:469,1
DA:470,1
DA:473,2
DA:474,1
DA:479,1
DA:481,1
DA:484,0
DA:487,1
DA:491,0
DA:492,0
DA:493,0
DA:497,0
DA:498,0
DA:502,0
DA:503,2
DA:504,1
DA:505,1
DA:506,0
DA:507,0
DA:508,0
DA:509,0
DA:512,0
DA:513,0
DA:514,1
DA:515,1
DA:516,0
DA:517,0
DA:518,0
DA:519,0
DA:521,0
DA:522,0
DA:523,0
DA:524,0
DA:525,0
DA:526,0
DA:527,0
DA:528,0
DA:530,1
DA:531,1
DA:532,1
DA:533,1
DA:534,0
DA:535,0
DA:536,0
DA:537,0
DA:538,0
DA:539,0
DA:543,0
DA:544,0
DA:545,0
DA:546,0
DA:549,0
DA:550,0
DA:554,0
DA:556,0
DA:559,0
DA:563,0
DA:564,0
DA:565,0
DA:569,0
DA:570,0
DA:574,0
DA:575,0
DA:576,0
DA:577,0
DA:578,0
DA:579,0
DA:580,0
DA:581,0
DA:584,0
DA:585,0
DA:586,0
DA:587,0
DA:588,0
DA:589,0
DA:590,0
DA:591,0
DA:593,0
DA:594,0
DA:595,0
DA:596,0
DA:597,0
DA:598,0
DA:599,0
DA:600,0
DA:604,0
DA:605,0
DA:606,0
DA:607,0
DA:608,0
DA:611,0
DA:612,0
DA:617,0
DA:619,0
DA:622,0
DA:625,0
DA:629,0
DA:630,0
DA:631,0
DA:635,0
DA:636,0
DA:640,0
DA:641,0
DA:642,0
DA:643,0
DA:644,0
DA:645,0
DA:646,0
DA:647,0
DA:650,0
DA:651,0
DA:652,0
DA:653,0
DA:654,0
DA:655,0
DA:656,0
DA:657,0
DA:659,0
DA:660,0
DA:661,0
DA:662,0
DA:663,0
DA:664,0
DA:665,0
DA:666,0
DA:668,0
DA:669,0
DA:673,0
DA:674,0
DA:675,0
DA:676,0
DA:677,0
DA:678,0
DA:681,0
DA:682,0
DA:688,0
DA:690,0
DA:693,0
DA:696,0
DA:699,0
DA:703,0
DA:704,0
DA:705,0
DA:709,0
DA:710,0
DA:714,0
DA:715,0
DA:716,0
DA:717,0
DA:718,0
DA:719,0
DA:720,0
DA:721,0
DA:724,0
DA:725,0
DA:726,0
DA:727,0
DA:728,0
DA:729,0
DA:730,0
DA:731,0
DA:733,0
DA:734,0
DA:735,0
DA:736,0
DA:737,0
DA:738,0
DA:739,0
DA:740,0
DA:742,0
DA:743,0
DA:744,0
DA:745,0
DA:746,0
DA:747,0
DA:748,0
DA:749,0
DA:751,0
DA:752,0
DA:753,0
DA:754,0
DA:755,0
DA:756,0
DA:757,0
DA:758,0
DA:762,0
DA:763,0
DA:764,0
DA:765,0
DA:766,0
DA:769,0
DA:770,0
DA:775,0
DA:777,0
DA:780,0
DA:783,0
DA:787,0
DA:788,0
DA:789,0
DA:793,0
DA:794,0
DA:798,0
DA:799,0
DA:800,0
DA:801,0
DA:802,0
DA:803,0
DA:804,0
DA:805,0
DA:808,0
DA:809,0
DA:810,0
DA:811,0
DA:812,0
DA:813,0
DA:814,0
DA:815,0
DA:817,0
DA:818,0
DA:819,0
DA:820,0
DA:821,0
DA:822,0
DA:823,0
DA:824,0
DA:826,0
DA:827,0
DA:828,0
DA:829,0
DA:830,0
DA:831,0
DA:832,0
DA:833,0
DA:834,0
DA:835,0
DA:839,6
DA:840,2
DA:841,2
DA:844,4
DA:845,2
DA:848,2
DA:850,2
DA:854,0
DA:855,0
DA:856,0
DA:860,0
DA:861,0
DA:865,0
DA:866,4
DA:867,2
DA:868,2
DA:869,0
DA:870,0
DA:871,0
DA:872,0
DA:875,1
DA:876,1
DA:877,2
DA:878,2
DA:879,0
DA:880,0
DA:881,0
DA:882,0
DA:886,3
DA:887,1
DA:888,1
DA:889,1
DA:890,1
DA:893,2
DA:894,1
DA:899,1
DA:901,1
DA:904,0
DA:907,1
DA:911,0
DA:912,0
DA:913,0
DA:917,0
DA:918,0
DA:922,0
DA:923,2
DA:924,1
DA:925,1
DA:926,0
DA:927,0
DA:928,0
DA:929,0
DA:932,0
DA:933,0
DA:934,1
DA:935,1
DA:936,0
DA:937,0
DA:938,0
DA:939,0
DA:941,0
DA:942,0
DA:943,0
DA:944,0
DA:945,0
DA:946,0
DA:947,0
DA:948,0
DA:950,1
DA:951,1
DA:952,1
DA:953,1
DA:954,0
DA:955,0
DA:956,0
DA:957,0
DA:961,6
DA:962,2
DA:963,2
DA:964,2
DA:967,4
DA:968,2
DA:972,2
DA:974,2
DA:977,2
DA:981,0
DA:982,0
DA:983,0
DA:987,0
DA:988,0
DA:992,0
DA:993,4
DA:994,2
DA:995,2
DA:996,0
DA:997,0
DA:998,0
DA:999,0
DA:1002,1
DA:1003,1
DA:1004,2
DA:1005,2
DA:1006,0
DA:1007,0
DA:1008,0
DA:1009,0
DA:1011,1
DA:1012,1
DA:1013,2
DA:1014,2
DA:1015,0
DA:1016,0
DA:1017,0
DA:1018,0
DA:1022,3
DA:1023,1
DA:1024,1
DA:1025,1
DA:1026,1
DA:1029,2
DA:1030,1
DA:1035,1
DA:1037,1
DA:1040,0
DA:1043,1
DA:1047,0
DA:1048,0
DA:1049,0
DA:1053,0
DA:1054,0
DA:1058,0
DA:1059,2
DA:1060,1
DA:1061,1
DA:1062,0
DA:1063,0
DA:1064,0
DA:1065,0
DA:1068,0
DA:1069,0
DA:1070,1
DA:1071,1
DA:1072,0
DA:1073,0
DA:1074,0
DA:1075,0
DA:1077,0
DA:1078,0
DA:1079,0
DA:1080,0
DA:1081,0
DA:1082,0
DA:1083,0
DA:1084,0
DA:1086,1
DA:1087,1
DA:1088,1
DA:1089,1
DA:1090,0
DA:1091,0
DA:1092,0
DA:1093,0
DA:1097,0
DA:1098,0
DA:1099,0
DA:1100,0
DA:1101,0
DA:1102,0
DA:1105,0
DA:1106,0
DA:1112,0
DA:1114,0
DA:1117,0
DA:1120,0
DA:1123,0
DA:1127,0
DA:1128,0
DA:1129,0
DA:1133,0
DA:1134,0
DA:1138,0
DA:1139,0
DA:1140,0
DA:1141,0
DA:1142,0
DA:1143,0
DA:1144,0
DA:1145,0
DA:1148,0
DA:1149,0
DA:1150,0
DA:1151,0
DA:1152,0
DA:1153,0
DA:1154,0
DA:1155,0
DA:1157,0
DA:1158,0
DA:1159,0
DA:1160,0
DA:1161,0
DA:1162,0
DA:1163,0
DA:1164,0
DA:1166,0
DA:1167,0
DA:1168,0
DA:1169,0
DA:1170,0
DA:1171,0
DA:1172,0
DA:1173,0
DA:1175,0
DA:1176,0
DA:1177,0
DA:1178,0
DA:1179,0
DA:1180,0
DA:1181,0
DA:1182,0
DA:1186,6
DA:1187,2
DA:1188,2
DA:1189,2
DA:1190,2
DA:1191,2
DA:1192,2
DA:1195,4
DA:1196,2
DA:1203,2
DA:1205,2
DA:1208,2
DA:1211,2
DA:1214,2
DA:1217,2
DA:1221,0
DA:1222,0
DA:1223,0
DA:1227,0
DA:1228,0
DA:1232,0
DA:1233,4
DA:1234,2
DA:1235,2
DA:1236,0
DA:1237,0
DA:1238,0
DA:1239,0
DA:1242,1
DA:1243,1
DA:1244,2
DA:1245,2
DA:1246,0
DA:1247,0
DA:1248,0
DA:1249,0
DA:1251,1
DA:1252,1
DA:1253,2
DA:1254,2
DA:1255,0
DA:1256,0
DA:1257,0
DA:1258,0
DA:1260,1
DA:1261,1
DA:1262,2
DA:1263,2
DA:1264,0
DA:1265,0
DA:1266,0
DA:1267,0
DA:1269,1
DA:1270,1
DA:1271,2
DA:1272,2
DA:1273,0
DA:1274,0
DA:1275,0
DA:1276,0
DA:1278,1
DA:1279,1
DA:1280,2
DA:1281,2
DA:1282,0
DA:1283,0
DA:1284,0
DA:1285,0
DA:1289,9
DA:1290,3
DA:1291,3
DA:1294,6
DA:1295,3
DA:1298,3
DA:1300,3
DA:1304,0
DA:1305,0
DA:1306,0
DA:1310,0
DA:1311,0
DA:1315,0
DA:1316,6
DA:1317,3
DA:1318,3
DA:1319,0
DA:1320,0
DA:1321,0
DA:1322,0
DA:1325,2
DA:1326,2
DA:1327,3
DA:1328,3
DA:1329,0
DA:1330,0
DA:1331,0
DA:1332,0
DA:1336,0
DA:1337,0
DA:1340,0
DA:1341,0
DA:1342,0
DA:1343,0
DA:1344,0
DA:1348,0
DA:1349,0
DA:1353,0
DA:1354,0
DA:1355,0
DA:1356,0
DA:1357,0
DA:1358,0
DA:1359,0
DA:1360,0
DA:1365,0
DA:1366,0
DA:1367,0
DA:1370,0
DA:1371,0
DA:1374,0
DA:1376,0
DA:1380,0
DA:1381,0
DA:1382,0
DA:1386,0
DA:1387,0
DA:1391,0
DA:1392,0
DA:1393,0
DA:1394,0
DA:1395,0
DA:1396,0
DA:1397,0
DA:1398,0
DA:1401,0
DA:1402,0
DA:1403,0
DA:1404,0
DA:1405,0
DA:1406,0
DA:1407,0
DA:1408,0
DA:1412,6
DA:1413,2
DA:1414,2
DA:1415,2
DA:1416,2
DA:1417,2
DA:1420,4
DA:1421,2
DA:1427,2
DA:1429,2
DA:1432,2
DA:1435,2
DA:1438,2
DA:1442,0
DA:1443,0
DA:1444,0
DA:1448,0
DA:1449,0
DA:1453,0
DA:1454,4
DA:1455,2
DA:1456,2
DA:1457,0
DA:1458,0
DA:1459,0
DA:1460,0
DA:1463,1
DA:1464,1
DA:1465,2
DA:1466,2
DA:1467,0
DA:1468,0
DA:1469,0
DA:1470,0
DA:1472,1
DA:1473,1
DA:1474,2
DA:1475,2
DA:1476,0
DA:1477,0
DA:1478,0
DA:1479,0
DA:1481,1
DA:1482,1
DA:1483,2
DA:1484,2
DA:1485,0
DA:1486,0
DA:1487,0
DA:1488,0
DA:1490,1
DA:1491,1
DA:1492,2
DA:1493,2
DA:1494,0
DA:1495,0
DA:1496,0
DA:1497,0
DA:1501,0
DA:1502,0
DA:1503,0
DA:1504,0
DA:1505,0
DA:1508,0
DA:1509,0
DA:1514,0
DA:1516,0
DA:1519,0
DA:1522,0
DA:1526,0
DA:1527,0
DA:1528,0
DA:1532,0
DA:1533,0
DA:1537,0
DA:1538,0
DA:1539,0
DA:1540,0
DA:1541,0
DA:1542,0
DA:1543,0
DA:1544,0
DA:1547,0
DA:1548,0
DA:1549,0
DA:1550,0
DA:1551,0
DA:1552,0
DA:1553,0
DA:1554,0
DA:1556,0
DA:1557,0
DA:1558,0
DA:1559,0
DA:1560,0
DA:1561,0
DA:1562,0
DA:1563,0
DA:1565,0
DA:1566,0
DA:1567,0
DA:1568,0
DA:1569,0
DA:1570,0
DA:1571,0
DA:1572,0
LF:1003
LH:310
end_of_record
SF:lib/domain/entities/courier.dart
DA:8,22
DA:10,3
DA:12,3
DA:14,2
DA:15,4
DA:22,22
DA:23,4
DA:25,4
DA:27,2
DA:28,6
DA:38,21
DA:40,2
DA:41,1
DA:42,1
DA:43,1
DA:44,1
DA:45,1
DA:48,2
DA:49,1
DA:50,1
DA:51,1
DA:52,1
DA:53,1
DA:56,1
DA:57,6
DA:63,22
DA:65,3
DA:67,3
DA:69,2
DA:70,4
DA:83,13
DA:85,4
DA:86,2
DA:87,2
DA:88,2
DA:89,8
DA:90,2
DA:91,2
DA:92,2
DA:93,2
DA:96,2
DA:97,18
DA:106,16
DA:108,2
DA:109,1
DA:110,1
DA:111,1
DA:112,1
DA:115,6
DA:117,2
DA:118,10
DA:132,4
DA:144,4
DA:145,2
DA:146,2
DA:147,2
DA:148,2
DA:149,2
DA:150,2
DA:151,2
DA:152,6
DA:153,6
DA:156,0
DA:157,0
DA:158,0
DA:159,0
DA:160,0
DA:161,0
DA:162,0
DA:163,0
DA:164,0
DA:165,0
DA:168,2
DA:169,2
DA:170,2
DA:171,2
DA:172,2
DA:173,2
DA:174,2
DA:175,2
DA:176,2
DA:177,2
DA:178,2
LF:83
LH:73
end_of_record
SF:lib/data/models/google/protobuf/duration.pb.dart
DA:16,9
DA:17,3
DA:18,3
DA:19,3
DA:22,6
DA:23,0
DA:27,0
DA:29,0
DA:32,0
DA:36,0
DA:37,0
DA:38,0
DA:42,0
DA:43,0
DA:47,0
DA:48,6
DA:49,3
DA:50,3
DA:51,0
DA:52,0
DA:53,2
DA:54,2
DA:57,3
DA:58,3
DA:59,0
DA:60,0
DA:61,0
DA:62,0
DA:63,0
DA:64,0
DA:66,0
DA:67,0
DA:68,0
DA:69,0
DA:70,0
DA:71,0
DA:72,0
DA:73,0
LF:38
LH:12
end_of_record
SF:lib/data/models/courier.service.v1.pbgrpc.dart
DA:17,0
DA:19,0
DA:20,0
DA:21,0
DA:22,0
DA:24,0
DA:25,0
DA:26,0
DA:28,0
DA:29,0
DA:30,0
DA:32,0
DA:33,0
DA:34,0
DA:36,0
DA:37,0
DA:38,0
DA:40,0
DA:41,0
DA:42,0
DA:44,0
DA:45,0
DA:46,0
DA:48,0
DA:49,0
DA:50,0
DA:51,0
DA:53,0
DA:54,0
DA:55,0
DA:57,0
DA:58,0
DA:59,0
DA:60,0
DA:62,0
DA:63,0
DA:64,0
DA:66,0
DA:69,0
DA:71,0
DA:73,0
DA:76,0
DA:78,0
DA:81,0
DA:83,0
DA:86,0
DA:88,0
DA:91,0
DA:93,0
DA:96,0
DA:98,0
DA:101,0
DA:103,0
DA:106,0
DA:108,0
DA:111,0
DA:113,0
DA:116,0
DA:118,0
DA:121,0
DA:123,0
DA:128,0
DA:130,0
DA:131,0
DA:133,0
DA:136,0
DA:137,0
DA:138,0
DA:140,0
DA:143,0
DA:144,0
DA:145,0
DA:147,0
DA:150,0
DA:151,0
DA:152,0
DA:154,0
DA:157,0
DA:158,0
DA:159,0
DA:161,0
DA:164,0
DA:165,0
DA:166,0
DA:168,0
DA:171,0
DA:172,0
DA:173,0
DA:175,0
DA:178,0
DA:179,0
DA:180,0
DA:182,0
DA:185,0
DA:186,0
DA:187,0
DA:189,0
DA:192,0
DA:193,0
DA:194,0
DA:196,0
DA:199,0
DA:200,0
DA:201,0
DA:203,0
DA:206,0
DA:207,0
DA:210,0
DA:212,0
DA:215,0
DA:217,0
DA:220,0
DA:222,0
DA:225,0
DA:227,0
DA:230,0
DA:232,0
DA:235,0
DA:237,0
DA:240,0
DA:242,0
DA:245,0
DA:247,0
DA:250,0
DA:252,0
DA:255,0
DA:257,0
DA:260,0
DA:262,0
LF:129
LH:0
end_of_record
SF:lib/domain/entities/delivery.dart
DA:8,14
DA:10,4
DA:12,4
DA:14,5
DA:15,15
DA:22,11
DA:24,4
DA:26,2
DA:27,1
DA:28,1
DA:31,1
DA:32,1
DA:33,1
DA:34,1
DA:43,12
DA:44,10
DA:46,0
DA:47,2
DA:48,8
DA:64,12
DA:78,4
DA:79,2
DA:80,2
DA:81,2
DA:82,2
DA:83,2
DA:84,2
DA:85,2
DA:86,2
DA:87,2
DA:88,2
DA:89,4
DA:92,0
DA:93,0
DA:94,0
DA:95,0
DA:96,0
DA:97,0
DA:98,0
DA:99,0
DA:100,0
DA:101,0
DA:102,0
DA:103,0
DA:106,2
DA:107,2
DA:108,2
DA:109,2
DA:110,2
DA:111,2
DA:112,2
DA:113,2
DA:114,2
DA:115,2
DA:116,2
DA:117,2
DA:118,2
DA:130,12
DA:132,4
DA:133,2
DA:134,2
DA:135,2
DA:136,2
DA:137,2
DA:138,2
DA:141,0
DA:142,0
DA:143,0
DA:144,0
DA:145,0
DA:146,0
DA:147,0
DA:150,2
DA:151,14
DA:162,12
DA:164,16
DA:166,2
DA:167,14
DA:175,45
DA:177,4
DA:178,2
DA:179,2
DA:180,10
DA:183,0
DA:184,0
DA:185,0
DA:186,0
DA:189,2
DA:190,8
DA:207,10
DA:222,4
DA:223,2
DA:224,2
DA:225,2
DA:226,4
DA:227,4
DA:228,4
DA:229,2
DA:230,10
DA:231,2
DA:232,2
DA:233,6
DA:234,2
DA:237,2
DA:238,26
LF:105
LH:81
end_of_record
SF:lib/data/models/google/protobuf/timestamp.pb.dart
DA:16,18
DA:17,6
DA:18,6
DA:19,6
DA:22,12
DA:23,0
DA:27,0
DA:29,0
DA:32,0
DA:36,0
DA:37,0
DA:38,0
DA:42,0
DA:43,0
DA:47,0
DA:48,12
DA:49,6
DA:50,6
DA:51,0
DA:52,0
DA:53,0
DA:54,0
DA:57,6
DA:58,6
DA:59,6
DA:60,6
DA:61,0
DA:62,0
DA:63,0
DA:64,0
DA:66,6
DA:67,6
DA:68,6
DA:69,6
DA:70,0
DA:71,0
DA:72,0
DA:73,0
DA:77,6
DA:78,6
DA:79,6
LF:41
LH:19
end_of_record
SF:lib/domain/entities/branch.dart
DA:7,3
DA:9,3
DA:11,22
DA:12,2
DA:13,2
DA:14,2
DA:33,3
DA:49,2
DA:50,2
DA:51,2
DA:52,2
DA:53,2
DA:54,2
DA:55,2
DA:56,2
DA:57,2
DA:58,2
DA:59,2
DA:60,2
DA:61,2
DA:62,6
DA:63,6
DA:67,2
DA:68,2
DA:69,2
DA:70,2
DA:71,2
DA:72,2
DA:73,2
DA:74,2
DA:75,2
DA:76,2
DA:77,2
DA:78,2
DA:79,2
DA:80,2
DA:81,2
LF:37
LH:37
end_of_record
SF:lib/data/datasources/branch_data_source.dart
DA:10,0
DA:11,0
DA:12,0
DA:23,0
DA:24,0
DA:27,0
DA:29,0
DA:31,0
DA:33,0
DA:35,0
DA:36,0
DA:38,0
DA:40,0
DA:42,0
DA:44,0
DA:51,0
DA:53,0
DA:54,0
DA:55,0
DA:56,0
DA:57,0
LF:21
LH:0
end_of_record
SF:lib/data/datasources/courier_data_source.dart
DA:18,0
DA:19,0
DA:20,0
DA:27,0
DA:28,0
DA:31,0
DA:33,0
DA:35,0
DA:37,0
DA:39,0
DA:41,0
DA:43,0
DA:45,0
DA:47,0
DA:49,0
DA:51,0
DA:58,0
DA:59,0
DA:60,0
DA:64,0
DA:66,0
DA:67,0
DA:68,0
DA:71,0
DA:75,0
DA:77,0
DA:78,0
DA:79,0
DA:82,0
DA:86,0
DA:88,0
DA:89,0
DA:92,0
DA:96,0
DA:98,0
DA:99,0
DA:100,0
DA:101,0
DA:104,0
DA:105,0
DA:109,0
DA:111,0
DA:112,0
DA:113,0
DA:114,0
LF:45
LH:0
end_of_record
SF:lib/data/datasources/delivery_data_source.dart
DA:9,0
DA:25,0
DA:27,0
DA:29,0
DA:31,0
DA:33,0
DA:35,0
DA:37,0
DA:39,0
DA:63,0
DA:65,0
DA:66,0
DA:67,0
DA:68,0
DA:69,0
DA:72,0
DA:74,0
DA:75,0
DA:76,0
DA:77,0
DA:78,0
DA:81,0
DA:83,0
DA:84,0
DA:85,0
DA:86,0
DA:89,0
DA:91,0
DA:92,0
DA:93,0
DA:94,0
DA:105,0
DA:107,0
DA:108,0
DA:109,0
DA:110,0
DA:113,0
DA:115,0
DA:116,0
DA:117,0
DA:118,0
DA:121,0
DA:123,0
DA:124,0
DA:125,0
DA:126,0
DA:127,0
DA:128,0
DA:131,0
DA:133,0
DA:134,0
DA:135,0
DA:136,0
DA:137,0
DA:138,0
LF:55
LH:0
end_of_record
SF:lib/data/models/branch.service.v1.pbgrpc.dart
DA:17,0
DA:19,0
DA:20,0
DA:21,0
DA:23,0
DA:24,0
DA:25,0
DA:27,0
DA:28,0
DA:29,0
DA:31,0
DA:32,0
DA:33,0
DA:35,0
DA:36,0
DA:37,0
DA:39,0
DA:40,0
DA:41,0
DA:43,0
DA:44,0
DA:45,0
DA:47,0
DA:48,0
DA:50,0
DA:53,0
DA:55,0
DA:57,0
DA:60,0
DA:62,0
DA:65,0
DA:67,0
DA:70,0
DA:72,0
DA:75,0
DA:77,0
DA:80,0
DA:82,0
DA:85,0
DA:87,0
DA:90,0
DA:92,0
DA:97,0
DA:99,0
DA:100,0
DA:102,0
DA:105,0
DA:106,0
DA:107,0
DA:109,0
DA:112,0
DA:113,0
DA:114,0
DA:116,0
DA:119,0
DA:120,0
DA:121,0
DA:123,0
DA:126,0
DA:127,0
DA:128,0
DA:130,0
DA:133,0
DA:134,0
DA:135,0
DA:137,0
DA:140,0
DA:141,0
DA:142,0
DA:144,0
DA:147,0
DA:148,0
DA:149,0
DA:151,0
DA:154,0
DA:155,0
DA:158,0
DA:160,0
DA:163,0
DA:165,0
DA:168,0
DA:170,0
DA:173,0
DA:175,0
DA:178,0
DA:180,0
DA:183,0
DA:185,0
DA:188,0
DA:190,0
DA:193,0
DA:195,0
LF:92
LH:0
end_of_record
SF:lib/data/models/branch.service.v1.pb.dart
DA:15,6
DA:16,2
DA:17,2
DA:18,2
DA:19,2
DA:20,2
DA:21,2
DA:22,2
DA:23,2
DA:24,2
DA:25,2
DA:26,2
DA:27,2
DA:28,2
DA:29,2
DA:30,2
DA:31,2
DA:34,4
DA:35,2
DA:52,2
DA:54,2
DA:57,2
DA:60,2
DA:63,2
DA:66,2
DA:69,2
DA:72,2
DA:75,2
DA:78,2
DA:81,2
DA:84,0
DA:87,0
DA:90,2
DA:93,2
DA:96,2
DA:100,0
DA:101,0
DA:102,0
DA:106,0
DA:107,0
DA:111,0
DA:112,4
DA:113,2
DA:114,2
DA:115,0
DA:116,0
DA:117,0
DA:118,0
DA:121,2
DA:122,2
DA:123,2
DA:124,2
DA:125,0
DA:126,0
DA:127,0
DA:128,0
DA:130,2
DA:131,2
DA:132,2
DA:133,2
DA:134,0
DA:135,0
DA:136,0
DA:137,0
DA:139,2
DA:140,2
DA:141,2
DA:142,2
DA:143,0
DA:144,0
DA:145,0
DA:146,0
DA:148,2
DA:149,2
DA:150,2
DA:151,2
DA:152,0
DA:153,0
DA:154,0
DA:155,0
DA:157,2
DA:158,2
DA:159,2
DA:160,2
DA:161,0
DA:162,0
DA:163,0
DA:164,0
DA:166,2
DA:167,2
DA:168,2
DA:169,2
DA:170,0
DA:171,0
DA:172,0
DA:173,0
DA:175,2
DA:176,2
DA:177,2
DA:178,2
DA:179,0
DA:180,0
DA:181,0
DA:182,0
DA:184,2
DA:185,2
DA:186,2
DA:187,2
DA:188,0
DA:189,0
DA:190,0
DA:191,0
DA:193,2
DA:194,2
DA:195,2
DA:196,2
DA:197,0
DA:198,0
DA:199,0
DA:200,0
DA:202,2
DA:203,2
DA:204,2
DA:205,2
DA:206,0
DA:207,0
DA:208,0
DA:209,0
DA:211,0
DA:212,0
DA:213,0
DA:214,0
DA:215,0
DA:216,0
DA:217,0
DA:218,0
DA:220,0
DA:221,0
DA:222,0
DA:223,0
DA:224,0
DA:225,0
DA:226,0
DA:227,0
DA:229,2
DA:230,2
DA:231,2
DA:232,2
DA:233,0
DA:234,0
DA:235,0
DA:236,0
DA:238,2
DA:239,2
DA:240,2
DA:241,2
DA:242,0
DA:243,0
DA:244,0
DA:245,0
DA:246,0
DA:247,0
DA:249,2
DA:250,2
DA:251,2
DA:252,2
DA:253,0
DA:254,0
DA:255,0
DA:256,0
DA:257,0
DA:258,0
DA:262,3
DA:263,1
DA:264,1
DA:265,1
DA:266,1
DA:269,2
DA:270,1
DA:275,1
DA:277,1
DA:280,0
DA:283,1
DA:287,0
DA:288,0
DA:289,0
DA:293,0
DA:294,0
DA:298,0
DA:299,2
DA:300,1
DA:301,1
DA:302,0
DA:303,0
DA:304,0
DA:305,0
DA:308,0
DA:309,0
DA:310,1
DA:311,1
DA:312,0
DA:313,0
DA:314,0
DA:315,0
DA:317,0
DA:318,0
DA:319,0
DA:320,0
DA:321,0
DA:322,0
DA:323,0
DA:324,0
DA:326,1
DA:327,1
DA:328,1
DA:329,1
DA:330,0
DA:331,0
DA:332,0
DA:333,0
DA:334,0
DA:335,0
DA:339,0
DA:340,0
DA:341,0
DA:342,0
DA:343,0
DA:346,0
DA:347,0
DA:352,0
DA:354,0
DA:357,0
DA:360,0
DA:364,0
DA:365,0
DA:366,0
DA:370,0
DA:371,0
DA:375,0
DA:376,0
DA:377,0
DA:378,0
DA:379,0
DA:380,0
DA:381,0
DA:382,0
DA:385,0
DA:386,0
DA:387,0
DA:388,0
DA:389,0
DA:390,0
DA:391,0
DA:392,0
DA:394,0
DA:395,0
DA:396,0
DA:397,0
DA:398,0
DA:399,0
DA:400,0
DA:401,0
DA:403,0
DA:404,0
DA:408,0
DA:409,0
DA:410,0
DA:411,0
DA:412,0
DA:413,0
DA:414,0
DA:415,0
DA:416,0
DA:417,0
DA:418,0
DA:419,0
DA:420,0
DA:421,0
DA:424,0
DA:425,0
DA:439,0
DA:441,0
DA:444,0
DA:447,0
DA:450,0
DA:453,0
DA:456,0
DA:459,0
DA:462,0
DA:465,0
DA:468,0
DA:471,0
DA:474,0
DA:478,0
DA:479,0
DA:480,0
DA:484,0
DA:485,0
DA:489,0
DA:490,0
DA:491,0
DA:492,0
DA:493,0
DA:494,0
DA:495,0
DA:496,0
DA:499,0
DA:500,0
DA:501,0
DA:502,0
DA:503,0
DA:504,0
DA:505,0
DA:506,0
DA:508,0
DA:509,0
DA:510,0
DA:511,0
DA:512,0
DA:513,0
DA:514,0
DA:515,0
DA:517,0
DA:518,0
DA:519,0
DA:520,0
DA:521,0
DA:522,0
DA:523,0
DA:524,0
DA:526,0
DA:527,0
DA:528,0
DA:529,0
DA:530,0
DA:531,0
DA:532,0
DA:533,0
DA:535,0
DA:536,0
DA:537,0
DA:538,0
DA:539,0
DA:540,0
DA:541,0
DA:542,0
DA:544,0
DA:545,0
DA:546,0
DA:547,0
DA:548,0
DA:549,0
DA:550,0
DA:551,0
DA:553,0
DA:554,0
DA:555,0
DA:556,0
DA:557,0
DA:558,0
DA:559,0
DA:560,0
DA:562,0
DA:563,0
DA:564,0
DA:565,0
DA:566,0
DA:567,0
DA:568,0
DA:569,0
DA:571,0
DA:572,0
DA:573,0
DA:574,0
DA:575,0
DA:576,0
DA:577,0
DA:578,0
DA:580,0
DA:581,0
DA:582,0
DA:583,0
DA:584,0
DA:585,0
DA:586,0
DA:587,0
DA:589,0
DA:590,0
DA:591,0
DA:592,0
DA:593,0
DA:594,0
DA:595,0
DA:596,0
DA:598,0
DA:599,0
DA:600,0
DA:601,0
DA:602,0
DA:603,0
DA:604,0
DA:605,0
DA:609,0
DA:610,0
DA:611,0
DA:612,0
DA:613,0
DA:614,0
DA:615,0
DA:616,0
DA:617,0
DA:618,0
DA:619,0
DA:620,0
DA:621,0
DA:622,0
DA:623,0
DA:626,0
DA:627,0
DA:642,0
DA:644,0
DA:647,0
DA:650,0
DA:653,0
DA:656,0
DA:659,0
DA:662,0
DA:665,0
DA:668,0
DA:671,0
DA:674,0
DA:677,0
DA:680,0
DA:684,0
DA:685,0
DA:686,0
DA:690,0
DA:691,0
DA:695,0
DA:696,0
DA:697,0
DA:698,0
DA:699,0
DA:700,0
DA:701,0
DA:702,0
DA:705,0
DA:706,0
DA:707,0
DA:708,0
DA:709,0
DA:710,0
DA:711,0
DA:712,0
DA:714,0
DA:715,0
DA:716,0
DA:717,0
DA:718,0
DA:719,0
DA:720,0
DA:721,0
DA:723,0
DA:724,0
DA:725,0
DA:726,0
DA:727,0
DA:728,0
DA:729,0
DA:730,0
DA:732,0
DA:733,0
DA:734,0
DA:735,0
DA:736,0
DA:737,0
DA:738,0
DA:739,0
DA:741,0
DA:742,0
DA:743,0
DA:744,0
DA:745,0
DA:746,0
DA:747,0
DA:748,0
DA:750,0
DA:751,0
DA:752,0
DA:753,0
DA:754,0
DA:755,0
DA:756,0
DA:757,0
DA:759,0
DA:760,0
DA:761,0
DA:762,0
DA:763,0
DA:764,0
DA:765,0
DA:766,0
DA:768,0
DA:769,0
DA:770,0
DA:771,0
DA:772,0
DA:773,0
DA:774,0
DA:775,0
DA:777,0
DA:778,0
DA:779,0
DA:780,0
DA:781,0
DA:782,0
DA:783,0
DA:784,0
DA:786,0
DA:787,0
DA:788,0
DA:789,0
DA:790,0
DA:791,0
DA:792,0
DA:793,0
DA:795,0
DA:796,0
DA:797,0
DA:798,0
DA:799,0
DA:800,0
DA:801,0
DA:802,0
DA:804,0
DA:805,0
DA:806,0
DA:807,0
DA:808,0
DA:809,0
DA:810,0
DA:811,0
DA:813,0
DA:814,0
DA:815,0
DA:816,0
DA:817,0
DA:818,0
DA:819,0
DA:820,0
DA:824,6
DA:825,2
DA:826,2
DA:829,4
DA:830,2
DA:833,2
DA:835,2
DA:839,0
DA:840,0
DA:841,0
DA:845,0
DA:846,0
DA:850,0
DA:851,4
DA:852,2
DA:853,2
DA:854,0
DA:855,0
DA:856,0
DA:857,0
DA:860,1
DA:861,1
DA:862,2
DA:863,2
DA:864,0
DA:865,0
DA:866,0
DA:867,0
DA:871,0
DA:872,0
DA:873,0
DA:874,0
DA:877,0
DA:878,0
DA:882,0
DA:884,0
DA:887,0
DA:891,0
DA:892,0
DA:893,0
DA:897,0
DA:898,0
DA:902,0
DA:903,0
DA:904,0
DA:905,0
DA:906,0
DA:907,0
DA:908,0
DA:909,0
DA:912,0
DA:913,0
DA:914,0
DA:915,0
DA:916,0
DA:917,0
DA:918,0
DA:919,0
DA:921,0
DA:922,0
DA:923,0
DA:924,0
DA:925,0
DA:926,0
DA:927,0
DA:928,0
DA:932,0
DA:933,0
DA:936,0
DA:937,0
DA:938,0
DA:939,0
DA:940,0
DA:944,0
DA:945,0
DA:949,0
DA:950,0
DA:951,0
DA:952,0
DA:953,0
DA:954,0
DA:955,0
DA:956,0
DA:961,0
DA:962,0
DA:963,0
DA:966,0
DA:967,0
DA:970,0
DA:972,0
DA:976,0
DA:977,0
DA:978,0
DA:982,0
DA:983,0
DA:987,0
DA:988,0
DA:989,0
DA:990,0
DA:991,0
DA:992,0
DA:993,0
DA:994,0
DA:997,0
DA:998,0
DA:999,0
DA:1000,0
DA:1001,0
DA:1002,0
DA:1003,0
DA:1004,0
LF:661
LH:121
end_of_record
SF:lib/data/models/product.service.v1.pb.dart
DA:15,0
DA:16,0
DA:17,0
DA:18,0
DA:19,0
DA:20,0
DA:23,0
DA:24,0
DA:30,0
DA:32,0
DA:35,0
DA:38,0
DA:41,0
DA:45,0
DA:46,0
DA:47,0
DA:51,0
DA:52,0
DA:56,0
DA:57,0
DA:58,0
DA:59,0
DA:60,0
DA:61,0
DA:62,0
DA:63,0
DA:66,0
DA:67,0
DA:68,0
DA:69,0
DA:70,0
DA:71,0
DA:72,0
DA:73,0
DA:75,0
DA:76,0
DA:77,0
DA:78,0
DA:79,0
DA:80,0
DA:81,0
DA:82,0
DA:84,0
DA:85,0
DA:86,0
DA:87,0
DA:88,0
DA:89,0
DA:90,0
DA:91,0
DA:93,0
DA:94,0
DA:95,0
DA:96,0
DA:97,0
DA:98,0
DA:99,0
DA:100,0
DA:104,0
DA:105,0
DA:106,0
DA:107,0
DA:108,0
DA:111,0
DA:112,0
DA:117,0
DA:119,0
DA:122,0
DA:125,0
DA:129,0
DA:130,0
DA:131,0
DA:135,0
DA:136,0
DA:140,0
DA:141,0
DA:142,0
DA:143,0
DA:144,0
DA:145,0
DA:146,0
DA:147,0
DA:150,0
DA:151,0
DA:152,0
DA:153,0
DA:154,0
DA:155,0
DA:156,0
DA:157,0
DA:159,0
DA:160,0
DA:161,0
DA:162,0
DA:163,0
DA:164,0
DA:165,0
DA:166,0
DA:168,0
DA:169,0
DA:170,0
DA:171,0
DA:172,0
DA:173,0
DA:174,0
DA:175,0
DA:179,0
DA:180,0
DA:181,0
DA:182,0
DA:183,0
DA:184,0
DA:185,0
DA:186,0
DA:187,0
DA:188,0
DA:189,0
DA:190,0
DA:191,0
DA:192,0
DA:193,0
DA:194,0
DA:195,0
DA:198,0
DA:199,0
DA:216,0
DA:218,0
DA:221,0
DA:224,0
DA:227,0
DA:230,0
DA:233,0
DA:236,0
DA:239,0
DA:242,0
DA:245,0
DA:248,0
DA:251,0
DA:254,0
DA:257,0
DA:260,0
DA:264,0
DA:265,0
DA:266,0
DA:270,0
DA:271,0
DA:275,0
DA:276,0
DA:277,0
DA:278,0
DA:279,0
DA:280,0
DA:281,0
DA:282,0
DA:285,0
DA:286,0
DA:287,0
DA:288,0
DA:289,0
DA:290,0
DA:291,0
DA:292,0
DA:294,0
DA:295,0
DA:296,0
DA:297,0
DA:298,0
DA:299,0
DA:300,0
DA:301,0
DA:303,0
DA:304,0
DA:305,0
DA:306,0
DA:307,0
DA:308,0
DA:309,0
DA:310,0
DA:312,0
DA:313,0
DA:314,0
DA:315,0
DA:316,0
DA:317,0
DA:318,0
DA:319,0
DA:320,0
DA:321,0
DA:323,0
DA:324,0
DA:325,0
DA:326,0
DA:327,0
DA:328,0
DA:329,0
DA:330,0
DA:332,0
DA:333,0
DA:334,0
DA:335,0
DA:336,0
DA:337,0
DA:338,0
DA:339,0
DA:341,0
DA:342,0
DA:343,0
DA:344,0
DA:345,0
DA:346,0
DA:347,0
DA:348,0
DA:350,0
DA:351,0
DA:352,0
DA:353,0
DA:354,0
DA:355,0
DA:356,0
DA:357,0
DA:359,0
DA:360,0
DA:361,0
DA:362,0
DA:363,0
DA:364,0
DA:365,0
DA:366,0
DA:367,0
DA:368,0
DA:370,0
DA:371,0
DA:372,0
DA:373,0
DA:374,0
DA:375,0
DA:376,0
DA:377,0
DA:378,0
DA:379,0
DA:381,0
DA:382,0
DA:383,0
DA:384,0
DA:385,0
DA:386,0
DA:387,0
DA:388,0
DA:389,0
DA:390,0
DA:392,0
DA:393,0
DA:394,0
DA:395,0
DA:396,0
DA:397,0
DA:398,0
DA:399,0
DA:400,0
DA:401,0
DA:403,0
DA:404,0
DA:405,0
DA:406,0
DA:407,0
DA:408,0
DA:409,0
DA:410,0
DA:411,0
DA:412,0
DA:414,0
DA:415,0
DA:416,0
DA:417,0
DA:418,0
DA:419,0
DA:420,0
DA:421,0
DA:422,0
DA:423,0
DA:425,0
DA:426,0
DA:427,0
DA:428,0
DA:429,0
DA:430,0
DA:431,0
DA:432,0
DA:433,0
DA:434,0
DA:438,0
DA:439,0
DA:440,0
DA:441,0
DA:442,0
DA:445,0
DA:446,0
DA:451,0
DA:453,0
DA:456,0
DA:459,0
DA:463,0
DA:464,0
DA:465,0
DA:469,0
DA:470,0
DA:474,0
DA:475,0
DA:476,0
DA:477,0
DA:478,0
DA:479,0
DA:480,0
DA:481,0
DA:484,0
DA:485,0
DA:486,0
DA:487,0
DA:488,0
DA:489,0
DA:490,0
DA:491,0
DA:493,0
DA:494,0
DA:495,0
DA:496,0
DA:497,0
DA:498,0
DA:499,0
DA:500,0
DA:502,0
DA:503,0
DA:504,0
DA:505,0
DA:506,0
DA:507,0
DA:508,0
DA:509,0
DA:510,0
DA:511,0
DA:515,0
DA:516,0
DA:517,0
DA:518,0
DA:519,0
DA:522,0
DA:523,0
DA:528,0
DA:530,0
DA:533,0
DA:536,0
DA:540,0
DA:541,0
DA:542,0
DA:546,0
DA:547,0
DA:551,0
DA:552,0
DA:553,0
DA:554,0
DA:555,0
DA:556,0
DA:557,0
DA:558,0
DA:561,0
DA:562,0
DA:563,0
DA:564,0
DA:565,0
DA:566,0
DA:567,0
DA:568,0
DA:570,0
DA:571,0
DA:572,0
DA:573,0
DA:574,0
DA:575,0
DA:576,0
DA:577,0
DA:579,0
DA:580,0
DA:584,0
DA:585,0
DA:586,0
DA:587,0
DA:588,0
DA:591,0
DA:592,0
DA:597,0
DA:599,0
DA:602,0
DA:605,0
DA:609,0
DA:610,0
DA:611,0
DA:615,0
DA:616,0
DA:620,0
DA:621,0
DA:622,0
DA:623,0
DA:624,0
DA:625,0
DA:626,0
DA:627,0
DA:630,0
DA:631,0
DA:632,0
DA:633,0
DA:634,0
DA:635,0
DA:636,0
DA:637,0
DA:639,0
DA:640,0
DA:641,0
DA:642,0
DA:643,0
DA:644,0
DA:645,0
DA:646,0
DA:648,0
DA:649,0
DA:653,0
DA:654,0
DA:655,0
DA:656,0
DA:657,0
DA:660,0
DA:661,0
DA:666,0
DA:668,0
DA:671,0
DA:674,0
DA:678,0
DA:679,0
DA:680,0
DA:684,0
DA:685,0
DA:689,0
DA:690,0
DA:691,0
DA:692,0
DA:693,0
DA:694,0
DA:695,0
DA:696,0
DA:699,0
DA:700,0
DA:701,0
DA:702,0
DA:703,0
DA:704,0
DA:705,0
DA:706,0
DA:708,0
DA:709,0
DA:710,0
DA:711,0
DA:712,0
DA:713,0
DA:714,0
DA:715,0
DA:717,0
DA:718,0
DA:719,0
DA:720,0
DA:721,0
DA:722,0
DA:723,0
DA:724,0
DA:725,0
DA:726,0
DA:730,0
DA:731,0
DA:732,0
DA:733,0
DA:734,0
DA:735,0
DA:736,0
DA:737,0
DA:738,0
DA:739,0
DA:742,0
DA:743,0
DA:753,0
DA:755,0
DA:758,0
DA:761,0
DA:764,0
DA:767,0
DA:770,0
DA:773,0
DA:776,0
DA:780,0
DA:781,0
DA:782,0
DA:786,0
DA:787,0
DA:791,0
DA:792,0
DA:793,0
DA:794,0
DA:795,0
DA:796,0
DA:797,0
DA:798,0
DA:801,0
DA:802,0
DA:803,0
DA:804,0
DA:805,0
DA:806,0
DA:807,0
DA:808,0
DA:810,0
DA:811,0
DA:812,0
DA:813,0
DA:814,0
DA:815,0
DA:816,0
DA:817,0
DA:819,0
DA:820,0
DA:821,0
DA:822,0
DA:823,0
DA:824,0
DA:825,0
DA:826,0
DA:828,0
DA:829,0
DA:830,0
DA:831,0
DA:832,0
DA:833,0
DA:834,0
DA:835,0
DA:837,0
DA:838,0
DA:839,0
DA:840,0
DA:841,0
DA:842,0
DA:843,0
DA:844,0
DA:846,0
DA:847,0
DA:848,0
DA:849,0
DA:850,0
DA:851,0
DA:852,0
DA:853,0
DA:854,0
DA:855,0
DA:857,0
DA:858,0
DA:859,0
DA:860,0
DA:861,0
DA:862,0
DA:863,0
DA:864,0
DA:865,0
DA:866,0
DA:868,0
DA:869,0
DA:870,0
DA:871,0
DA:872,0
DA:873,0
DA:874,0
DA:875,0
DA:876,0
DA:877,0
DA:881,0
DA:882,0
DA:883,0
DA:884,0
DA:885,0
DA:888,0
DA:889,0
DA:894,0
DA:896,0
DA:899,0
DA:902,0
DA:906,0
DA:907,0
DA:908,0
DA:912,0
DA:913,0
DA:917,0
DA:918,0
DA:919,0
DA:920,0
DA:921,0
DA:922,0
DA:923,0
DA:924,0
DA:927,0
DA:928,0
DA:929,0
DA:930,0
DA:931,0
DA:932,0
DA:933,0
DA:934,0
DA:936,0
DA:937,0
DA:938,0
DA:939,0
DA:940,0
DA:941,0
DA:942,0
DA:943,0
DA:945,0
DA:946,0
DA:947,0
DA:948,0
DA:949,0
DA:950,0
DA:951,0
DA:952,0
DA:953,0
DA:954,0
DA:958,0
DA:959,0
DA:960,0
DA:961,0
DA:962,0
DA:963,0
DA:964,0
DA:967,0
DA:968,0
DA:975,0
DA:977,0
DA:980,0
DA:983,0
DA:986,0
DA:989,0
DA:993,0
DA:994,0
DA:995,0
DA:999,0
DA:1000,0
DA:1004,0
DA:1005,0
DA:1006,0
DA:1007,0
DA:1008,0
DA:1009,0
DA:1010,0
DA:1011,0
DA:1014,0
DA:1015,0
DA:1016,0
DA:1017,0
DA:1018,0
DA:1019,0
DA:1020,0
DA:1021,0
DA:1023,0
DA:1024,0
DA:1025,0
DA:1026,0
DA:1027,0
DA:1028,0
DA:1029,0
DA:1030,0
DA:1032,0
DA:1033,0
DA:1035,0
DA:1036,0
DA:1037,0
DA:1038,0
DA:1039,0
DA:1040,0
DA:1041,0
DA:1042,0
DA:1044,0
DA:1045,0
DA:1046,0
DA:1047,0
DA:1048,0
DA:1049,0
DA:1050,0
DA:1051,0
DA:1055,0
DA:1056,0
DA:1057,0
DA:1058,0
DA:1059,0
DA:1062,0
DA:1063,0
DA:1068,0
DA:1070,0
DA:1073,0
DA:1076,0
DA:1080,0
DA:1081,0
DA:1082,0
DA:1086,0
DA:1087,0
DA:1091,0
DA:1092,0
DA:1093,0
DA:1094,0
DA:1095,0
DA:1096,0
DA:1097,0
DA:1098,0
DA:1101,0
DA:1102,0
DA:1103,0
DA:1104,0
DA:1105,0
DA:1106,0
DA:1107,0
DA:1108,0
DA:1110,0
DA:1111,0
DA:1112,0
DA:1113,0
DA:1114,0
DA:1115,0
DA:1116,0
DA:1117,0
DA:1119,0
DA:1120,0
DA:1121,0
DA:1122,0
DA:1123,0
DA:1124,0
DA:1125,0
DA:1126,0
DA:1127,0
DA:1128,0
DA:1132,0
DA:1133,0
DA:1134,0
DA:1135,0
DA:1136,0
DA:1137,0
DA:1140,0
DA:1141,0
DA:1147,0
DA:1149,0
DA:1152,0
DA:1155,0
DA:1158,0
DA:1162,0
DA:1163,0
DA:1164,0
DA:1168,0
DA:1169,0
DA:1173,0
DA:1174,0
DA:1175,0
DA:1176,0
DA:1177,0
DA:1178,0
DA:1179,0
DA:1180,0
DA:1183,0
DA:1184,0
DA:1185,0
DA:1186,0
DA:1187,0
DA:1188,0
DA:1189,0
DA:1190,0
DA:1192,0
DA:1193,0
DA:1194,0
DA:1195,0
DA:1196,0
DA:1197,0
DA:1198,0
DA:1199,0
DA:1201,0
DA:1202,0
DA:1203,0
DA:1204,0
DA:1205,0
DA:1206,0
DA:1207,0
DA:1208,0
DA:1210,0
DA:1211,0
DA:1212,0
DA:1213,0
DA:1214,0
DA:1215,0
DA:1216,0
DA:1217,0
DA:1221,0
DA:1222,0
DA:1223,0
DA:1224,0
DA:1225,0
DA:1226,0
DA:1227,0
DA:1228,0
DA:1229,0
DA:1230,0
DA:1231,0
DA:1232,0
DA:1235,0
DA:1236,0
DA:1248,0
DA:1250,0
DA:1253,0
DA:1256,0
DA:1259,0
DA:1262,0
DA:1265,0
DA:1268,0
DA:1271,0
DA:1274,0
DA:1277,0
DA:1281,0
DA:1282,0
DA:1283,0
DA:1287,0
DA:1288,0
DA:1292,0
DA:1293,0
DA:1294,0
DA:1295,0
DA:1296,0
DA:1297,0
DA:1298,0
DA:1299,0
DA:1302,0
DA:1303,0
DA:1304,0
DA:1305,0
DA:1306,0
DA:1307,0
DA:1308,0
DA:1309,0
DA:1311,0
DA:1312,0
DA:1313,0
DA:1314,0
DA:1315,0
DA:1316,0
DA:1317,0
DA:1318,0
DA:1319,0
DA:1320,0
DA:1322,0
DA:1323,0
DA:1324,0
DA:1325,0
DA:1326,0
DA:1327,0
DA:1328,0
DA:1329,0
DA:1330,0
DA:1331,0
DA:1333,0
DA:1334,0
DA:1335,0
DA:1336,0
DA:1337,0
DA:1338,0
DA:1339,0
DA:1340,0
DA:1342,0
DA:1343,0
DA:1344,0
DA:1345,0
DA:1346,0
DA:1347,0
DA:1348,0
DA:1349,0
DA:1351,0
DA:1352,0
DA:1353,0
DA:1354,0
DA:1355,0
DA:1356,0
DA:1357,0
DA:1358,0
DA:1360,0
DA:1361,0
DA:1362,0
DA:1363,0
DA:1364,0
DA:1365,0
DA:1366,0
DA:1367,0
DA:1369,0
DA:1370,0
DA:1371,0
DA:1372,0
DA:1373,0
DA:1374,0
DA:1375,0
DA:1376,0
DA:1378,0
DA:1379,0
DA:1380,0
DA:1381,0
DA:1382,0
DA:1383,0
DA:1384,0
DA:1385,0
DA:1386,0
DA:1387,0
DA:1389,0
DA:1390,0
DA:1391,0
DA:1392,0
DA:1393,0
DA:1394,0
DA:1395,0
DA:1396,0
DA:1397,0
DA:1398,0
DA:1402,0
DA:1403,0
DA:1404,0
DA:1405,0
DA:1406,0
DA:1409,0
DA:1410,0
DA:1415,0
DA:1417,0
DA:1420,0
DA:1423,0
DA:1427,0
DA:1428,0
DA:1429,0
DA:1433,0
DA:1434,0
DA:1438,0
DA:1439,0
DA:1440,0
DA:1441,0
DA:1442,0
DA:1443,0
DA:1444,0
DA:1445,0
DA:1448,0
DA:1449,0
DA:1450,0
DA:1451,0
DA:1452,0
DA:1453,0
DA:1454,0
DA:1455,0
DA:1457,0
DA:1458,0
DA:1459,0
DA:1460,0
DA:1461,0
DA:1462,0
DA:1463,0
DA:1464,0
DA:1466,0
DA:1467,0
DA:1468,0
DA:1469,0
DA:1470,0
DA:1471,0
DA:1472,0
DA:1473,0
DA:1474,0
DA:1475,0
DA:1479,0
DA:1480,0
DA:1481,0
DA:1482,0
DA:1483,0
DA:1486,0
DA:1487,0
DA:1492,0
DA:1494,0
DA:1497,0
DA:1500,0
DA:1504,0
DA:1505,0
DA:1506,0
DA:1510,0
DA:1511,0
DA:1515,0
DA:1516,0
DA:1517,0
DA:1518,0
DA:1519,0
DA:1520,0
DA:1521,0
DA:1522,0
DA:1525,0
DA:1526,0
DA:1527,0
DA:1528,0
DA:1529,0
DA:1530,0
DA:1531,0
DA:1532,0
DA:1534,0
DA:1535,0
DA:1536,0
DA:1537,0
DA:1538,0
DA:1539,0
DA:1540,0
DA:1541,0
DA:1543,0
DA:1544,0
DA:1548,6
DA:1549,2
DA:1550,2
DA:1551,2
DA:1552,2
DA:1553,2
DA:1554,2
DA:1555,2
DA:1558,4
DA:1559,2
DA:1567,2
DA:1569,2
DA:1572,2
DA:1575,2
DA:1578,2
DA:1581,2
DA:1584,2
DA:1588,0
DA:1589,0
DA:1590,0
DA:1594,0
DA:1595,0
DA:1599,0
DA:1600,4
DA:1601,2
DA:1602,2
DA:1603,0
DA:1604,0
DA:1605,0
DA:1606,0
DA:1609,2
DA:1610,2
DA:1611,2
DA:1612,2
DA:1613,0
DA:1614,0
DA:1615,0
DA:1616,0
DA:1618,2
DA:1619,2
DA:1620,2
DA:1621,2
DA:1622,0
DA:1623,0
DA:1624,0
DA:1625,0
DA:1627,2
DA:1628,2
DA:1629,2
DA:1630,2
DA:1631,0
DA:1632,0
DA:1633,0
DA:1634,0
DA:1636,2
DA:1637,2
DA:1638,2
DA:1639,2
DA:1640,0
DA:1641,0
DA:1642,0
DA:1643,0
DA:1645,2
DA:1646,2
DA:1647,2
DA:1648,2
DA:1649,0
DA:1650,0
DA:1651,0
DA:1652,0
DA:1654,2
DA:1655,2
DA:1656,2
DA:1657,2
DA:1658,0
DA:1659,0
DA:1660,0
DA:1661,0
DA:1665,6
DA:1666,2
DA:1667,2
DA:1668,2
DA:1669,2
DA:1670,2
DA:1671,2
DA:1672,2
DA:1675,4
DA:1676,2
DA:1684,2
DA:1686,2
DA:1689,2
DA:1692,2
DA:1695,2
DA:1698,2
DA:1701,2
DA:1705,0
DA:1706,0
DA:1707,0
DA:1711,0
DA:1712,0
DA:1716,0
DA:1717,4
DA:1718,2
DA:1719,2
DA:1720,0
DA:1721,0
DA:1722,0
DA:1723,0
DA:1726,2
DA:1727,2
DA:1728,2
DA:1729,2
DA:1730,0
DA:1731,0
DA:1732,0
DA:1733,0
DA:1735,2
DA:1736,2
DA:1737,2
DA:1738,2
DA:1739,0
DA:1740,0
DA:1741,0
DA:1742,0
DA:1744,2
DA:1745,2
DA:1746,2
DA:1747,2
DA:1748,0
DA:1749,0
DA:1750,0
DA:1751,0
DA:1753,2
DA:1754,2
DA:1755,2
DA:1756,2
DA:1757,0
DA:1758,0
DA:1759,0
DA:1760,0
DA:1762,2
DA:1763,2
DA:1764,2
DA:1765,2
DA:1766,0
DA:1767,0
DA:1768,0
DA:1769,0
DA:1771,2
DA:1772,2
DA:1773,2
DA:1774,2
DA:1775,0
DA:1776,0
DA:1777,0
DA:1778,0
DA:1782,6
DA:1783,2
DA:1784,2
DA:1785,2
DA:1786,2
DA:1789,4
DA:1790,2
DA:1795,2
DA:1797,2
DA:1800,2
DA:1803,2
DA:1807,0
DA:1808,0
DA:1809,0
DA:1813,0
DA:1814,0
DA:1818,0
DA:1819,4
DA:1820,2
DA:1821,2
DA:1822,0
DA:1823,0
DA:1824,0
DA:1825,0
DA:1828,2
DA:1829,2
DA:1830,2
DA:1831,2
DA:1832,0
DA:1833,0
DA:1834,0
DA:1835,0
DA:1837,2
DA:1838,2
DA:1839,2
DA:1840,2
DA:1841,0
DA:1842,0
DA:1843,0
DA:1844,0
DA:1846,2
DA:1847,2
DA:1848,2
DA:1849,2
DA:1850,0
DA:1851,0
DA:1852,0
DA:1853,0
DA:1857,6
DA:1858,2
DA:1859,2
DA:1860,2
DA:1861,2
DA:1862,2
DA:1863,2
DA:1864,2
DA:1865,2
DA:1866,2
DA:1867,2
DA:1868,2
DA:1869,2
DA:1872,4
DA:1873,2
DA:1886,2
DA:1888,2
DA:1891,2
DA:1894,2
DA:1897,2
DA:1900,2
DA:1903,2
DA:1906,2
DA:1909,2
DA:1912,2
DA:1915,2
DA:1918,2
DA:1922,0
DA:1923,0
DA:1924,0
DA:1928,0
DA:1929,0
DA:1933,0
DA:1934,4
DA:1935,2
DA:1936,2
DA:1937,0
DA:1938,0
DA:1939,0
DA:1940,0
DA:1943,2
DA:1944,2
DA:1945,2
DA:1946,2
DA:1947,0
DA:1948,0
DA:1949,0
DA:1950,0
DA:1952,2
DA:1953,2
DA:1954,2
DA:1955,2
DA:1956,0
DA:1957,0
DA:1958,0
DA:1959,0
DA:1961,2
DA:1962,2
DA:1963,2
DA:1964,2
DA:1965,0
DA:1966,0
DA:1967,0
DA:1968,0
DA:1970,2
DA:1971,2
DA:1972,2
DA:1973,2
DA:1974,0
DA:1975,0
DA:1976,0
DA:1977,0
DA:1979,2
DA:1980,2
DA:1981,2
DA:1982,2
DA:1983,0
DA:1984,0
DA:1985,0
DA:1986,0
DA:1988,2
DA:1989,2
DA:1990,2
DA:1991,2
DA:1992,0
DA:1993,0
DA:1994,0
DA:1995,0
DA:1997,2
DA:1998,2
DA:1999,2
DA:2000,2
DA:2001,0
DA:2002,0
DA:2003,0
DA:2004,0
DA:2006,2
DA:2007,2
DA:2008,2
DA:2009,2
DA:2010,0
DA:2011,0
DA:2012,0
DA:2013,0
DA:2015,2
DA:2016,2
DA:2017,2
DA:2018,2
DA:2019,0
DA:2020,0
DA:2021,0
DA:2022,0
DA:2024,2
DA:2025,2
DA:2026,2
DA:2027,2
DA:2028,0
DA:2029,0
DA:2030,0
DA:2031,0
DA:2033,2
DA:2034,2
DA:2035,2
DA:2036,2
DA:2037,0
DA:2038,0
DA:2039,0
DA:2040,0
DA:2041,0
DA:2042,0
DA:2046,6
DA:2047,2
DA:2048,2
DA:2049,2
DA:2050,2
DA:2051,2
DA:2052,2
DA:2053,2
DA:2054,2
DA:2055,2
DA:2056,2
DA:2057,2
DA:2058,2
DA:2059,2
DA:2060,2
DA:2061,2
DA:2064,4
DA:2065,2
DA:2081,2
DA:2083,2
DA:2086,2
DA:2089,2
DA:2092,2
DA:2095,2
DA:2098,2
DA:2101,2
DA:2104,4
DA:2107,2
DA:2110,2
DA:2113,2
DA:2116,2
DA:2119,2
DA:2122,2
DA:2126,0
DA:2127,0
DA:2128,0
DA:2132,0
DA:2133,0
DA:2137,0
DA:2138,4
DA:2139,2
DA:2140,2
DA:2141,0
DA:2142,0
DA:2143,0
DA:2144,0
DA:2147,2
DA:2148,2
DA:2149,2
DA:2150,2
DA:2151,0
DA:2152,0
DA:2153,0
DA:2154,0
DA:2156,2
DA:2157,2
DA:2158,2
DA:2159,2
DA:2160,0
DA:2161,0
DA:2162,0
DA:2163,0
DA:2165,2
DA:2166,2
DA:2167,2
DA:2168,2
DA:2169,0
DA:2170,0
DA:2171,0
DA:2172,0
DA:2174,2
DA:2175,2
DA:2176,2
DA:2177,2
DA:2178,0
DA:2179,0
DA:2180,0
DA:2181,0
DA:2182,0
DA:2183,0
DA:2185,2
DA:2186,2
DA:2187,2
DA:2188,2
DA:2189,0
DA:2190,0
DA:2191,0
DA:2192,0
DA:2193,0
DA:2194,0
DA:2196,2
DA:2197,2
DA:2198,2
DA:2199,2
DA:2200,0
DA:2201,0
DA:2202,0
DA:2203,0
DA:2204,0
DA:2205,0
DA:2207,2
DA:2208,2
DA:2209,2
DA:2210,2
DA:2211,0
DA:2212,0
DA:2213,0
DA:2214,0
DA:2216,2
DA:2217,2
DA:2219,2
DA:2220,2
DA:2221,2
DA:2222,2
DA:2223,0
DA:2224,0
DA:2225,0
DA:2226,0
DA:2228,2
DA:2229,2
DA:2230,2
DA:2231,2
DA:2232,0
DA:2233,0
DA:2234,0
DA:2235,0
DA:2237,2
DA:2238,2
DA:2239,2
DA:2240,2
DA:2241,0
DA:2242,0
DA:2243,0
DA:2244,0
DA:2246,2
DA:2247,2
DA:2248,2
DA:2249,2
DA:2250,0
DA:2251,0
DA:2252,0
DA:2253,0
DA:2254,0
DA:2255,0
DA:2257,0
DA:2258,0
DA:2259,2
DA:2260,2
DA:2261,0
DA:2262,0
DA:2263,0
DA:2264,0
DA:2265,0
DA:2266,0
DA:2268,0
DA:2269,0
DA:2270,2
DA:2271,2
DA:2272,0
DA:2273,0
DA:2274,0
DA:2275,0
DA:2276,0
DA:2277,0
DA:2281,3
DA:2282,1
DA:2283,1
DA:2284,1
DA:2285,1
DA:2288,2
DA:2289,1
DA:2294,1
DA:2296,1
DA:2299,0
DA:2302,1
DA:2306,0
DA:2307,0
DA:2308,0
DA:2312,0
DA:2313,0
DA:2317,0
DA:2318,2
DA:2319,1
DA:2320,1
DA:2321,0
DA:2322,0
DA:2323,0
DA:2324,0
DA:2327,0
DA:2328,0
DA:2329,1
DA:2330,1
DA:2331,0
DA:2332,0
DA:2333,0
DA:2334,0
DA:2336,0
DA:2337,0
DA:2338,0
DA:2339,0
DA:2340,0
DA:2341,0
DA:2342,0
DA:2343,0
DA:2345,1
DA:2346,1
DA:2347,1
DA:2348,1
DA:2349,0
DA:2350,0
DA:2351,0
DA:2352,0
DA:2353,0
DA:2354,0
DA:2358,3
DA:2359,1
DA:2360,1
DA:2361,1
DA:2362,1
DA:2365,2
DA:2366,1
DA:2371,1
DA:2373,1
DA:2376,0
DA:2379,2
DA:2383,0
DA:2384,0
DA:2385,0
DA:2389,0
DA:2390,0
DA:2394,0
DA:2395,2
DA:2396,1
DA:2397,1
DA:2398,0
DA:2399,0
DA:2400,0
DA:2401,0
DA:2404,0
DA:2405,0
DA:2406,1
DA:2407,1
DA:2408,0
DA:2409,0
DA:2410,0
DA:2411,0
DA:2413,0
DA:2414,0
DA:2415,0
DA:2416,0
DA:2417,0
DA:2418,0
DA:2419,0
DA:2420,0
DA:2422,1
DA:2423,1
DA:2427,6
DA:2428,2
DA:2429,2
DA:2430,2
DA:2431,2
DA:2434,4
DA:2435,2
DA:2440,2
DA:2442,2
DA:2445,2
DA:2448,4
DA:2452,0
DA:2453,0
DA:2454,0
DA:2458,0
DA:2459,0
DA:2463,0
DA:2464,4
DA:2465,2
DA:2466,2
DA:2467,0
DA:2468,0
DA:2469,0
DA:2470,0
DA:2473,2
DA:2474,2
DA:2475,2
DA:2476,2
DA:2477,0
DA:2478,0
DA:2479,0
DA:2480,0
DA:2482,2
DA:2483,2
DA:2484,2
DA:2485,2
DA:2486,0
DA:2487,0
DA:2488,0
DA:2489,0
DA:2491,2
DA:2492,2
DA:2496,3
DA:2497,1
DA:2498,1
DA:2499,1
DA:2500,1
DA:2503,2
DA:2504,1
DA:2509,1
DA:2511,1
DA:2514,0
DA:2517,1
DA:2521,0
DA:2522,0
DA:2523,0
DA:2527,0
DA:2528,0
DA:2532,0
DA:2533,2
DA:2534,1
DA:2535,1
DA:2536,0
DA:2537,0
DA:2538,0
DA:2539,0
DA:2542,0
DA:2543,0
DA:2544,1
DA:2545,1
DA:2546,0
DA:2547,0
DA:2548,0
DA:2549,0
DA:2551,0
DA:2552,0
DA:2553,0
DA:2554,0
DA:2555,0
DA:2556,0
DA:2557,0
DA:2558,0
DA:2560,1
DA:2561,1
DA:2562,1
DA:2563,1
DA:2564,0
DA:2565,0
DA:2566,0
DA:2567,0
DA:2568,0
DA:2569,0
DA:2573,0
DA:2574,0
DA:2575,0
DA:2576,0
DA:2579,0
DA:2580,0
DA:2584,0
DA:2586,0
DA:2589,0
DA:2593,0
DA:2594,0
DA:2595,0
DA:2599,0
DA:2600,0
DA:2604,0
DA:2605,0
DA:2606,0
DA:2607,0
DA:2608,0
DA:2609,0
DA:2610,0
DA:2611,0
DA:2614,0
DA:2615,0
DA:2616,0
DA:2617,0
DA:2618,0
DA:2619,0
DA:2620,0
DA:2621,0
DA:2623,0
DA:2624,0
DA:2625,0
DA:2626,0
DA:2627,0
DA:2628,0
DA:2629,0
DA:2630,0
DA:2634,0
DA:2635,0
DA:2636,0
DA:2637,0
DA:2638,0
DA:2641,0
DA:2642,0
DA:2647,0
DA:2649,0
DA:2652,0
DA:2655,0
DA:2659,0
DA:2660,0
DA:2661,0
DA:2665,0
DA:2666,0
DA:2670,0
DA:2671,0
DA:2672,0
DA:2673,0
DA:2674,0
DA:2675,0
DA:2676,0
DA:2677,0
DA:2680,0
DA:2681,0
DA:2682,0
DA:2683,0
DA:2684,0
DA:2685,0
DA:2686,0
DA:2687,0
DA:2689,0
DA:2690,0
DA:2691,0
DA:2692,0
DA:2693,0
DA:2694,0
DA:2695,0
DA:2696,0
DA:2698,0
DA:2699,0
DA:2700,0
DA:2701,0
DA:2702,0
DA:2703,0
DA:2704,0
DA:2705,0
DA:2709,0
DA:2710,0
DA:2711,0
DA:2712,0
DA:2713,0
DA:2716,0
DA:2717,0
DA:2722,0
DA:2724,0
DA:2727,0
DA:2730,0
DA:2734,0
DA:2735,0
DA:2736,0
DA:2740,0
DA:2741,0
DA:2745,0
DA:2746,0
DA:2747,0
DA:2748,0
DA:2749,0
DA:2750,0
DA:2751,0
DA:2752,0
DA:2755,0
DA:2756,0
DA:2757,0
DA:2758,0
DA:2759,0
DA:2760,0
DA:2761,0
DA:2762,0
DA:2764,0
DA:2765,0
DA:2766,0
DA:2767,0
DA:2768,0
DA:2769,0
DA:2770,0
DA:2771,0
DA:2773,0
DA:2774,0
DA:2775,0
DA:2776,0
DA:2777,0
DA:2778,0
DA:2779,0
DA:2780,0
DA:2784,6
DA:2785,2
DA:2786,2
DA:2787,2
DA:2790,4
DA:2791,2
DA:2795,2
DA:2797,2
DA:2800,2
DA:2804,0
DA:2805,0
DA:2806,0
DA:2810,0
DA:2811,0
DA:2815,0
DA:2816,4
DA:2817,2
DA:2818,2
DA:2819,0
DA:2820,0
DA:2821,0
DA:2822,0
DA:2825,1
DA:2826,1
DA:2827,2
DA:2828,2
DA:2829,0
DA:2830,0
DA:2831,0
DA:2832,0
DA:2834,1
DA:2835,1
DA:2836,2
DA:2837,2
DA:2838,0
DA:2839,0
DA:2840,0
DA:2841,0
DA:2845,0
DA:2846,0
DA:2847,0
DA:2848,0
DA:2849,0
DA:2850,0
DA:2851,0
DA:2852,0
DA:2853,0
DA:2854,0
DA:2855,0
DA:2856,0
DA:2857,0
DA:2860,0
DA:2861,0
DA:2874,0
DA:2876,0
DA:2879,0
DA:2882,0
DA:2885,0
DA:2888,0
DA:2891,0
DA:2894,0
DA:2897,0
DA:2900,0
DA:2903,0
DA:2906,0
DA:2910,0
DA:2911,0
DA:2912,0
DA:2916,0
DA:2917,0
DA:2921,0
DA:2922,0
DA:2923,0
DA:2924,0
DA:2925,0
DA:2926,0
DA:2927,0
DA:2928,0
DA:2931,0
DA:2932,0
DA:2933,0
DA:2934,0
DA:2935,0
DA:2936,0
DA:2937,0
DA:2938,0
DA:2940,0
DA:2941,0
DA:2942,0
DA:2943,0
DA:2944,0
DA:2945,0
DA:2946,0
DA:2947,0
DA:2949,0
DA:2950,0
DA:2951,0
DA:2952,0
DA:2953,0
DA:2954,0
DA:2955,0
DA:2956,0
DA:2957,0
DA:2958,0
DA:2960,0
DA:2961,0
DA:2962,0
DA:2963,0
DA:2964,0
DA:2965,0
DA:2966,0
DA:2967,0
DA:2969,0
DA:2970,0
DA:2971,0
DA:2972,0
DA:2973,0
DA:2974,0
DA:2975,0
DA:2976,0
DA:2978,0
DA:2979,0
DA:2980,0
DA:2981,0
DA:2982,0
DA:2983,0
DA:2984,0
DA:2985,0
DA:2987,0
DA:2988,0
DA:2989,0
DA:2990,0
DA:2991,0
DA:2992,0
DA:2993,0
DA:2994,0
DA:2995,0
DA:2996,0
DA:2998,0
DA:2999,0
DA:3000,0
DA:3001,0
DA:3002,0
DA:3003,0
DA:3004,0
DA:3005,0
DA:3006,0
DA:3007,0
DA:3009,0
DA:3010,0
DA:3011,0
DA:3012,0
DA:3013,0
DA:3014,0
DA:3015,0
DA:3016,0
DA:3017,0
DA:3018,0
DA:3020,0
DA:3021,0
DA:3022,0
DA:3023,0
DA:3024,0
DA:3025,0
DA:3026,0
DA:3027,0
DA:3028,0
DA:3029,0
DA:3031,0
DA:3032,0
DA:3033,0
DA:3034,0
DA:3035,0
DA:3036,0
DA:3037,0
DA:3038,0
DA:3039,0
DA:3040,0
DA:3044,0
DA:3045,0
DA:3046,0
DA:3047,0
DA:3048,0
DA:3049,0
DA:3050,0
DA:3051,0
DA:3052,0
DA:3053,0
DA:3054,0
DA:3055,0
DA:3056,0
DA:3057,0
DA:3060,0
DA:3061,0
DA:3075,0
DA:3077,0
DA:3080,0
DA:3083,0
DA:3086,0
DA:3089,0
DA:3092,0
DA:3095,0
DA:3098,0
DA:3101,0
DA:3104,0
DA:3107,0
DA:3110,0
DA:3114,0
DA:3115,0
DA:3116,0
DA:3120,0
DA:3121,0
DA:3125,0
DA:3126,0
DA:3127,0
DA:3128,0
DA:3129,0
DA:3130,0
DA:3131,0
DA:3132,0
DA:3135,0
DA:3136,0
DA:3137,0
DA:3138,0
DA:3139,0
DA:3140,0
DA:3141,0
DA:3142,0
DA:3144,0
DA:3145,0
DA:3146,0
DA:3147,0
DA:3148,0
DA:3149,0
DA:3150,0
DA:3151,0
DA:3153,0
DA:3154,0
DA:3155,0
DA:3156,0
DA:3157,0
DA:3158,0
DA:3159,0
DA:3160,0
DA:3162,0
DA:3163,0
DA:3164,0
DA:3165,0
DA:3166,0
DA:3167,0
DA:3168,0
DA:3169,0
DA:3170,0
DA:3171,0
DA:3173,0
DA:3174,0
DA:3175,0
DA:3176,0
DA:3177,0
DA:3178,0
DA:3179,0
DA:3180,0
DA:3182,0
DA:3183,0
DA:3184,0
DA:3185,0
DA:3186,0
DA:3187,0
DA:3188,0
DA:3189,0
DA:3191,0
DA:3192,0
DA:3193,0
DA:3194,0
DA:3195,0
DA:3196,0
DA:3197,0
DA:3198,0
DA:3200,0
DA:3201,0
DA:3202,0
DA:3203,0
DA:3204,0
DA:3205,0
DA:3206,0
DA:3207,0
DA:3208,0
DA:3209,0
DA:3211,0
DA:3212,0
DA:3213,0
DA:3214,0
DA:3215,0
DA:3216,0
DA:3217,0
DA:3218,0
DA:3219,0
DA:3220,0
DA:3222,0
DA:3223,0
DA:3224,0
DA:3225,0
DA:3226,0
DA:3227,0
DA:3228,0
DA:3229,0
DA:3230,0
DA:3231,0
DA:3233,0
DA:3234,0
DA:3235,0
DA:3236,0
DA:3237,0
DA:3238,0
DA:3239,0
DA:3240,0
DA:3241,0
DA:3242,0
DA:3244,0
DA:3245,0
DA:3246,0
DA:3247,0
DA:3248,0
DA:3249,0
DA:3250,0
DA:3251,0
DA:3252,0
DA:3253,0
DA:3257,0
DA:3258,0
DA:3259,0
DA:3260,0
DA:3263,0
DA:3264,0
DA:3268,0
DA:3270,0
DA:3273,0
DA:3277,0
DA:3278,0
DA:3279,0
DA:3283,0
DA:3284,0
DA:3288,0
DA:3289,0
DA:3290,0
DA:3291,0
DA:3292,0
DA:3293,0
DA:3294,0
DA:3295,0
DA:3298,0
DA:3299,0
DA:3300,0
DA:3301,0
DA:3302,0
DA:3303,0
DA:3304,0
DA:3305,0
DA:3307,0
DA:3308,0
DA:3309,0
DA:3310,0
DA:3311,0
DA:3312,0
DA:3313,0
DA:3314,0
DA:3318,0
DA:3319,0
DA:3320,0
DA:3321,0
DA:3322,0
DA:3325,0
DA:3326,0
DA:3331,0
DA:3333,0
DA:3336,0
DA:3339,0
DA:3343,0
DA:3344,0
DA:3345,0
DA:3349,0
DA:3350,0
DA:3354,0
DA:3355,0
DA:3356,0
DA:3357,0
DA:3358,0
DA:3359,0
DA:3360,0
DA:3361,0
DA:3364,0
DA:3365,0
DA:3366,0
DA:3367,0
DA:3368,0
DA:3369,0
DA:3370,0
DA:3371,0
DA:3373,0
DA:3374,0
DA:3375,0
DA:3376,0
DA:3377,0
DA:3378,0
DA:3379,0
DA:3380,0
DA:3382,0
DA:3383,0
DA:3384,0
DA:3385,0
DA:3386,0
DA:3387,0
DA:3388,0
DA:3389,0
DA:3393,0
DA:3394,0
DA:3395,0
DA:3398,0
DA:3399,0
DA:3402,0
DA:3404,0
DA:3408,0
DA:3409,0
DA:3410,0
DA:3414,0
DA:3415,0
DA:3419,0
DA:3420,0
DA:3421,0
DA:3422,0
DA:3423,0
DA:3424,0
DA:3425,0
DA:3426,0
DA:3429,0
DA:3430,0
DA:3431,0
DA:3432,0
DA:3433,0
DA:3434,0
DA:3435,0
DA:3436,0
DA:3440,0
DA:3441,0
DA:3442,0
DA:3445,0
DA:3446,0
DA:3449,0
DA:3451,0
DA:3455,0
DA:3456,0
DA:3457,0
DA:3461,0
DA:3462,0
DA:3466,0
DA:3467,0
DA:3468,0
DA:3469,0
DA:3470,0
DA:3471,0
DA:3472,0
DA:3473,0
DA:3476,0
DA:3477,0
DA:3478,0
DA:3479,0
DA:3480,0
DA:3481,0
DA:3482,0
DA:3483,0
DA:3487,0
DA:3488,0
DA:3489,0
DA:3490,0
DA:3491,0
DA:3494,0
DA:3495,0
DA:3500,0
DA:3502,0
DA:3505,0
DA:3508,0
DA:3512,0
DA:3513,0
DA:3514,0
DA:3518,0
DA:3519,0
DA:3523,0
DA:3524,0
DA:3525,0
DA:3526,0
DA:3527,0
DA:3528,0
DA:3529,0
DA:3530,0
DA:3533,0
DA:3534,0
DA:3535,0
DA:3536,0
DA:3537,0
DA:3538,0
DA:3539,0
DA:3540,0
DA:3542,0
DA:3543,0
DA:3544,0
DA:3545,0
DA:3546,0
DA:3547,0
DA:3548,0
DA:3549,0
DA:3551,0
DA:3552,0
DA:3556,6
DA:3557,2
DA:3558,2
DA:3559,2
DA:3562,4
DA:3563,2
DA:3567,2
DA:3569,2
DA:3572,4
DA:3576,0
DA:3577,0
DA:3578,0
DA:3582,0
DA:3583,0
DA:3587,0
DA:3588,4
DA:3589,2
DA:3590,2
DA:3591,0
DA:3592,0
DA:3593,0
DA:3594,0
DA:3597,1
DA:3598,1
DA:3599,2
DA:3600,2
DA:3601,0
DA:3602,0
DA:3603,0
DA:3604,0
DA:3606,2
DA:3607,2
DA:3611,0
DA:3612,0
DA:3615,0
DA:3616,0
DA:3617,0
DA:3618,0
DA:3619,0
DA:3623,0
DA:3624,0
DA:3628,0
DA:3629,0
DA:3630,0
DA:3631,0
DA:3632,0
DA:3633,0
DA:3634,0
DA:3635,0
LF:2393
LH:391
end_of_record
SF:lib/api/api_client.dart
DA:5,0
DA:8,0
DA:10,0
DA:12,0
DA:14,0
DA:16,0
DA:17,0
LF:7
LH:0
end_of_record
SF:lib/common/widget.dart
DA:8,0
DA:9,0
DA:11,0
DA:12,0
DA:13,0
DA:15,0
DA:16,0
DA:17,0
DA:26,0
DA:29,0
DA:33,0
DA:35,0
DA:36,0
DA:37,0
DA:38,0
DA:39,0
DA:40,0
DA:41,0
DA:42,0
DA:44,0
DA:50,0
DA:52,0
DA:53,0
DA:54,0
DA:55,0
DA:58,0
DA:59,0
DA:60,0
DA:63,0
DA:65,0
DA:82,20
DA:84,0
DA:86,0
DA:89,0
DA:91,0
DA:93,0
DA:95,0
LF:37
LH:1
end_of_record
SF:lib/presentation/routes/routes.dart
DA:22,0
DA:24,0
DA:25,0
DA:26,0
DA:27,0
DA:28,0
DA:29,0
DA:30,0
DA:31,0
DA:33,0
DA:34,0
DA:35,0
DA:36,0
DA:37,0
DA:39,0
DA:40,0
DA:41,0
DA:42,0
DA:43,0
DA:44,0
DA:45,0
DA:46,0
DA:47,0
DA:49,0
DA:50,0
DA:51,0
DA:53,0
LF:27
LH:0
end_of_record
SF:lib/function/function.dart
DA:9,6
DA:10,2
DA:11,2
DA:13,0
DA:16,0
DA:18,0
DA:19,0
DA:28,0
DA:30,0
DA:34,0
DA:36,0
DA:38,0
DA:39,0
DA:41,0
DA:47,0
DA:48,0
DA:51,0
DA:52,0
DA:55,0
DA:56,0
DA:57,0
DA:58,0
DA:62,0
DA:64,0
DA:66,0
DA:73,0
DA:75,0
DA:77,0
DA:88,0
DA:90,0
DA:91,0
DA:92,0
DA:93,0
DA:94,0
DA:101,0
DA:104,0
DA:106,0
LF:37
LH:3
end_of_record
SF:lib/firebase/auth.dart
DA:5,0
DA:8,0
DA:10,0
DA:12,0
DA:14,0
DA:16,0
DA:17,0
DA:19,0
DA:23,0
DA:24,0
DA:26,0
DA:28,0
DA:29,0
DA:31,0
DA:35,0
DA:37,0
DA:43,0
LF:17
LH:0
end_of_record
SF:lib/data/datasources/order_data_source.dart
DA:14,0
DA:15,0
DA:16,0
DA:23,0
DA:24,0
DA:27,0
DA:29,0
DA:31,0
DA:33,0
DA:35,0
DA:37,0
DA:39,0
DA:41,0
DA:43,0
DA:45,0
DA:47,0
DA:54,0
DA:56,0
DA:57,0
DA:58,0
DA:59,0
DA:60,0
LF:22
LH:0
end_of_record
SF:lib/data/models/order.service.v1.pbgrpc.dart
DA:17,0
DA:19,0
DA:20,0
DA:21,0
DA:23,0
DA:24,0
DA:25,0
DA:27,0
DA:28,0
DA:29,0
DA:30,0
DA:32,0
DA:33,0
DA:34,0
DA:35,0
DA:37,0
DA:38,0
DA:39,0
DA:40,0
DA:42,0
DA:43,0
DA:44,0
DA:45,0
DA:47,0
DA:48,0
DA:49,0
DA:50,0
DA:52,0
DA:53,0
DA:55,0
DA:58,0
DA:60,0
DA:62,0
DA:65,0
DA:67,0
DA:70,0
DA:72,0
DA:75,0
DA:77,0
DA:80,0
DA:82,0
DA:85,0
DA:87,0
DA:90,0
DA:93,0
DA:96,0
DA:99,0
DA:104,0
DA:106,0
DA:107,0
DA:109,0
DA:112,0
DA:113,0
DA:114,0
DA:116,0
DA:119,0
DA:120,0
DA:121,0
DA:123,0
DA:126,0
DA:127,0
DA:128,0
DA:130,0
DA:133,0
DA:134,0
DA:135,0
DA:137,0
DA:140,0
DA:141,0
DA:142,0
DA:144,0
DA:147,0
DA:148,0
DA:149,0
DA:151,0
DA:154,0
DA:155,0
DA:156,0
DA:157,0
DA:159,0
DA:162,0
DA:163,0
DA:164,0
DA:167,0
DA:169,0
DA:172,0
DA:174,0
DA:177,0
DA:179,0
DA:182,0
DA:184,0
DA:187,0
DA:189,0
DA:192,0
DA:194,0
DA:197,0
DA:199,0
DA:202,0
DA:204,0
LF:99
LH:0
end_of_record
SF:lib/data/models/order.service.v1.pb.dart
DA:16,0
DA:17,0
DA:18,0
DA:19,0
DA:22,0
DA:23,0
DA:27,0
DA:29,0
DA:32,0
DA:36,0
DA:37,0
DA:38,0
DA:42,0
DA:43,0
DA:47,0
DA:48,0
DA:49,0
DA:50,0
DA:51,0
DA:52,0
DA:53,0
DA:54,0
DA:57,0
DA:58,0
DA:59,0
DA:60,0
DA:61,0
DA:62,0
DA:63,0
DA:64,0
DA:66,0
DA:67,0
DA:68,0
DA:69,0
DA:70,0
DA:71,0
DA:72,0
DA:73,0
DA:77,0
DA:78,0
DA:79,0
DA:80,0
DA:81,0
DA:84,0
DA:85,0
DA:90,0
DA:92,0
DA:95,0
DA:98,0
DA:102,0
DA:103,0
DA:104,0
DA:108,0
DA:109,0
DA:113,0
DA:114,0
DA:115,0
DA:116,0
DA:117,0
DA:118,0
DA:119,0
DA:120,0
DA:123,0
DA:124,0
DA:125,0
DA:126,0
DA:127,0
DA:128,0
DA:129,0
DA:130,0
DA:132,0
DA:133,0
DA:134,0
DA:135,0
DA:136,0
DA:137,0
DA:138,0
DA:139,0
DA:141,0
DA:142,0
DA:143,0
DA:144,0
DA:145,0
DA:146,0
DA:147,0
DA:148,0
DA:152,0
DA:153,0
DA:154,0
DA:155,0
DA:156,0
DA:157,0
DA:158,0
DA:159,0
DA:160,0
DA:161,0
DA:164,0
DA:165,0
DA:175,0
DA:177,0
DA:180,0
DA:183,0
DA:186,0
DA:189,0
DA:192,0
DA:195,0
DA:198,0
DA:202,0
DA:203,0
DA:204,0
DA:208,0
DA:209,0
DA:213,0
DA:214,0
DA:215,0
DA:216,0
DA:217,0
DA:218,0
DA:219,0
DA:220,0
DA:223,0
DA:224,0
DA:225,0
DA:226,0
DA:227,0
DA:228,0
DA:229,0
DA:230,0
DA:232,0
DA:233,0
DA:234,0
DA:235,0
DA:236,0
DA:237,0
DA:238,0
DA:239,0
DA:241,0
DA:242,0
DA:243,0
DA:244,0
DA:245,0
DA:246,0
DA:247,0
DA:248,0
DA:250,0
DA:251,0
DA:252,0
DA:253,0
DA:254,0
DA:255,0
DA:256,0
DA:257,0
DA:259,0
DA:260,0
DA:261,0
DA:262,0
DA:263,0
DA:264,0
DA:265,0
DA:266,0
DA:268,0
DA:269,0
DA:270,0
DA:271,0
DA:272,0
DA:273,0
DA:274,0
DA:275,0
DA:277,0
DA:278,0
DA:279,0
DA:280,0
DA:281,0
DA:282,0
DA:283,0
DA:284,0
DA:286,0
DA:287,0
DA:288,0
DA:289,0
DA:290,0
DA:291,0
DA:292,0
DA:293,0
DA:294,0
DA:295,0
DA:299,0
DA:300,0
DA:301,0
DA:302,0
DA:303,0
DA:304,0
DA:305,0
DA:306,0
DA:307,0
DA:308,0
DA:309,0
DA:312,0
DA:313,0
DA:324,0
DA:326,0
DA:329,0
DA:332,0
DA:335,0
DA:338,0
DA:341,0
DA:344,0
DA:347,0
DA:350,0
DA:354,0
DA:355,0
DA:356,0
DA:360,0
DA:361,0
DA:365,0
DA:366,0
DA:367,0
DA:368,0
DA:369,0
DA:370,0
DA:371,0
DA:372,0
DA:375,0
DA:376,0
DA:377,0
DA:378,0
DA:379,0
DA:380,0
DA:381,0
DA:382,0
DA:384,0
DA:385,0
DA:386,0
DA:387,0
DA:388,0
DA:389,0
DA:390,0
DA:391,0
DA:393,0
DA:394,0
DA:395,0
DA:396,0
DA:397,0
DA:398,0
DA:399,0
DA:400,0
DA:402,0
DA:403,0
DA:404,0
DA:405,0
DA:406,0
DA:407,0
DA:408,0
DA:409,0
DA:411,0
DA:412,0
DA:413,0
DA:414,0
DA:415,0
DA:416,0
DA:417,0
DA:418,0
DA:420,0
DA:421,0
DA:422,0
DA:423,0
DA:424,0
DA:425,0
DA:426,0
DA:427,0
DA:429,0
DA:430,0
DA:431,0
DA:432,0
DA:433,0
DA:434,0
DA:435,0
DA:436,0
DA:438,0
DA:439,0
DA:440,0
DA:441,0
DA:442,0
DA:443,0
DA:444,0
DA:445,0
DA:447,0
DA:448,0
DA:449,0
DA:450,0
DA:451,0
DA:452,0
DA:453,0
DA:454,0
DA:455,0
DA:456,0
DA:460,0
DA:461,0
DA:462,0
DA:463,0
DA:464,0
DA:467,0
DA:468,0
DA:473,0
DA:475,0
DA:478,0
DA:481,0
DA:485,0
DA:486,0
DA:487,0
DA:491,0
DA:492,0
DA:496,0
DA:497,0
DA:498,0
DA:499,0
DA:500,0
DA:501,0
DA:502,0
DA:503,0
DA:506,0
DA:507,0
DA:508,0
DA:509,0
DA:510,0
DA:511,0
DA:512,0
DA:513,0
DA:515,0
DA:516,0
DA:517,0
DA:518,0
DA:519,0
DA:520,0
DA:521,0
DA:522,0
DA:524,0
DA:525,0
DA:526,0
DA:527,0
DA:528,0
DA:529,0
DA:530,0
DA:531,0
DA:535,0
DA:536,0
DA:537,0
DA:538,0
DA:539,0
DA:540,0
DA:541,0
DA:542,0
DA:543,0
DA:544,0
DA:547,0
DA:548,0
DA:558,0
DA:560,0
DA:563,0
DA:566,0
DA:569,0
DA:572,0
DA:575,0
DA:578,0
DA:581,0
DA:585,0
DA:586,0
DA:587,0
DA:591,0
DA:592,0
DA:596,0
DA:597,0
DA:598,0
DA:599,0
DA:600,0
DA:601,0
DA:602,0
DA:603,0
DA:606,0
DA:607,0
DA:608,0
DA:609,0
DA:610,0
DA:611,0
DA:612,0
DA:613,0
DA:615,0
DA:616,0
DA:617,0
DA:618,0
DA:619,0
DA:620,0
DA:621,0
DA:622,0
DA:624,0
DA:625,0
DA:626,0
DA:627,0
DA:628,0
DA:629,0
DA:630,0
DA:631,0
DA:633,0
DA:634,0
DA:635,0
DA:636,0
DA:637,0
DA:638,0
DA:639,0
DA:640,0
DA:642,0
DA:643,0
DA:644,0
DA:645,0
DA:646,0
DA:647,0
DA:648,0
DA:649,0
DA:651,0
DA:652,0
DA:653,0
DA:654,0
DA:655,0
DA:656,0
DA:657,0
DA:658,0
DA:659,0
DA:660,0
DA:662,0
DA:663,0
DA:664,0
DA:665,0
DA:666,0
DA:667,0
DA:668,0
DA:669,0
DA:671,0
DA:672,0
DA:673,0
DA:674,0
DA:675,0
DA:676,0
DA:677,0
DA:678,0
DA:682,0
DA:683,0
DA:684,0
DA:685,0
DA:686,0
DA:687,0
DA:688,0
DA:689,0
DA:690,0
DA:691,0
DA:692,0
DA:693,0
DA:694,0
DA:695,0
DA:696,0
DA:697,0
DA:698,0
DA:699,0
DA:700,0
DA:703,0
DA:704,0
DA:723,0
DA:725,0
DA:728,0
DA:731,0
DA:734,0
DA:737,0
DA:740,0
DA:743,0
DA:746,0
DA:749,0
DA:752,0
DA:755,0
DA:758,0
DA:761,0
DA:764,0
DA:767,0
DA:770,0
DA:773,0
DA:777,0
DA:778,0
DA:779,0
DA:783,0
DA:784,0
DA:788,0
DA:789,0
DA:790,0
DA:791,0
DA:792,0
DA:793,0
DA:794,0
DA:795,0
DA:798,0
DA:799,0
DA:800,0
DA:801,0
DA:802,0
DA:803,0
DA:804,0
DA:805,0
DA:807,0
DA:808,0
DA:809,0
DA:810,0
DA:811,0
DA:812,0
DA:813,0
DA:814,0
DA:816,0
DA:817,0
DA:818,0
DA:819,0
DA:820,0
DA:821,0
DA:822,0
DA:823,0
DA:824,0
DA:825,0
DA:827,0
DA:828,0
DA:829,0
DA:830,0
DA:831,0
DA:832,0
DA:833,0
DA:834,0
DA:835,0
DA:836,0
DA:838,0
DA:839,0
DA:841,0
DA:842,0
DA:843,0
DA:844,0
DA:845,0
DA:846,0
DA:847,0
DA:848,0
DA:850,0
DA:851,0
DA:852,0
DA:853,0
DA:854,0
DA:855,0
DA:856,0
DA:857,0
DA:859,0
DA:860,0
DA:861,0
DA:862,0
DA:863,0
DA:864,0
DA:865,0
DA:866,0
DA:867,0
DA:868,0
DA:870,0
DA:871,0
DA:872,0
DA:873,0
DA:874,0
DA:875,0
DA:876,0
DA:877,0
DA:879,0
DA:880,0
DA:881,0
DA:882,0
DA:883,0
DA:884,0
DA:885,0
DA:886,0
DA:888,0
DA:889,0
DA:890,0
DA:891,0
DA:892,0
DA:893,0
DA:894,0
DA:895,0
DA:897,0
DA:898,0
DA:899,0
DA:900,0
DA:901,0
DA:902,0
DA:903,0
DA:904,0
DA:906,0
DA:907,0
DA:908,0
DA:909,0
DA:910,0
DA:911,0
DA:912,0
DA:913,0
DA:914,0
DA:915,0
DA:917,0
DA:918,0
DA:919,0
DA:920,0
DA:921,0
DA:922,0
DA:923,0
DA:924,0
DA:925,0
DA:926,0
DA:928,0
DA:929,0
DA:930,0
DA:931,0
DA:932,0
DA:933,0
DA:934,0
DA:935,0
DA:937,0
DA:938,0
DA:939,0
DA:940,0
DA:941,0
DA:942,0
DA:943,0
DA:944,0
DA:945,0
DA:946,0
DA:948,0
DA:949,0
DA:950,0
DA:951,0
DA:952,0
DA:953,0
DA:954,0
DA:955,0
DA:956,0
DA:957,0
DA:961,0
DA:962,0
DA:963,0
DA:964,0
DA:965,0
DA:968,0
DA:969,0
DA:974,0
DA:976,0
DA:979,0
DA:982,0
DA:986,0
DA:987,0
DA:988,0
DA:992,0
DA:993,0
DA:997,0
DA:998,0
DA:999,0
DA:1000,0
DA:1001,0
DA:1002,0
DA:1003,0
DA:1004,0
DA:1007,0
DA:1008,0
DA:1009,0
DA:1010,0
DA:1011,0
DA:1012,0
DA:1013,0
DA:1014,0
DA:1016,0
DA:1017,0
DA:1018,0
DA:1019,0
DA:1020,0
DA:1021,0
DA:1022,0
DA:1023,0
DA:1025,0
DA:1026,0
DA:1027,0
DA:1028,0
DA:1029,0
DA:1030,0
DA:1031,0
DA:1032,0
DA:1033,0
DA:1034,0
DA:1038,0
DA:1039,0
DA:1040,0
DA:1041,0
DA:1042,0
DA:1045,0
DA:1046,0
DA:1051,0
DA:1053,0
DA:1056,0
DA:1059,0
DA:1063,0
DA:1064,0
DA:1065,0
DA:1069,0
DA:1070,0
DA:1074,0
DA:1075,0
DA:1076,0
DA:1077,0
DA:1078,0
DA:1079,0
DA:1080,0
DA:1081,0
DA:1084,0
DA:1085,0
DA:1086,0
DA:1087,0
DA:1088,0
DA:1089,0
DA:1090,0
DA:1091,0
DA:1093,0
DA:1094,0
DA:1095,0
DA:1096,0
DA:1097,0
DA:1098,0
DA:1099,0
DA:1100,0
DA:1102,0
DA:1103,0
DA:1107,0
DA:1108,0
DA:1109,0
DA:1110,0
DA:1111,0
DA:1114,0
DA:1115,0
DA:1120,0
DA:1122,0
DA:1125,0
DA:1128,0
DA:1132,0
DA:1133,0
DA:1134,0
DA:1138,0
DA:1139,0
DA:1143,0
DA:1144,0
DA:1145,0
DA:1146,0
DA:1147,0
DA:1148,0
DA:1149,0
DA:1150,0
DA:1153,0
DA:1154,0
DA:1155,0
DA:1156,0
DA:1157,0
DA:1158,0
DA:1159,0
DA:1160,0
DA:1162,0
DA:1163,0
DA:1164,0
DA:1165,0
DA:1166,0
DA:1167,0
DA:1168,0
DA:1169,0
DA:1171,0
DA:1172,0
DA:1173,0
DA:1174,0
DA:1175,0
DA:1176,0
DA:1177,0
DA:1178,0
DA:1179,0
DA:1180,0
DA:1184,0
DA:1185,0
DA:1186,0
DA:1187,0
DA:1190,0
DA:1191,0
DA:1195,0
DA:1197,0
DA:1200,0
DA:1204,0
DA:1205,0
DA:1206,0
DA:1210,0
DA:1211,0
DA:1215,0
DA:1216,0
DA:1217,0
DA:1218,0
DA:1219,0
DA:1220,0
DA:1221,0
DA:1222,0
DA:1225,0
DA:1226,0
DA:1227,0
DA:1228,0
DA:1229,0
DA:1230,0
DA:1231,0
DA:1232,0
DA:1234,0
DA:1235,0
DA:1236,0
DA:1237,0
DA:1238,0
DA:1239,0
DA:1240,0
DA:1241,0
DA:1245,0
DA:1246,0
DA:1247,0
DA:1248,0
DA:1249,0
DA:1252,0
DA:1253,0
DA:1258,0
DA:1260,0
DA:1263,0
DA:1266,0
DA:1270,0
DA:1271,0
DA:1272,0
DA:1276,0
DA:1277,0
DA:1281,0
DA:1282,0
DA:1283,0
DA:1284,0
DA:1285,0
DA:1286,0
DA:1287,0
DA:1288,0
DA:1291,0
DA:1292,0
DA:1293,0
DA:1294,0
DA:1295,0
DA:1296,0
DA:1297,0
DA:1298,0
DA:1300,0
DA:1301,0
DA:1302,0
DA:1303,0
DA:1304,0
DA:1305,0
DA:1306,0
DA:1307,0
DA:1309,0
DA:1310,0
DA:1314,0
DA:1315,0
DA:1316,0
DA:1317,0
DA:1318,0
DA:1319,0
DA:1320,0
DA:1321,0
DA:1322,0
DA:1323,0
DA:1324,0
DA:1325,0
DA:1328,0
DA:1329,0
DA:1341,0
DA:1343,0
DA:1346,0
DA:1349,0
DA:1352,0
DA:1355,0
DA:1358,0
DA:1361,0
DA:1364,0
DA:1367,0
DA:1370,0
DA:1374,0
DA:1375,0
DA:1376,0
DA:1380,0
DA:1381,0
DA:1385,0
DA:1386,0
DA:1387,0
DA:1388,0
DA:1389,0
DA:1390,0
DA:1391,0
DA:1392,0
DA:1395,0
DA:1396,0
DA:1397,0
DA:1398,0
DA:1399,0
DA:1400,0
DA:1401,0
DA:1402,0
DA:1404,0
DA:1405,0
DA:1406,0
DA:1407,0
DA:1408,0
DA:1409,0
DA:1410,0
DA:1411,0
DA:1412,0
DA:1413,0
DA:1415,0
DA:1416,0
DA:1417,0
DA:1418,0
DA:1419,0
DA:1420,0
DA:1421,0
DA:1422,0
DA:1423,0
DA:1424,0
DA:1426,0
DA:1427,0
DA:1429,0
DA:1430,0
DA:1431,0
DA:1432,0
DA:1433,0
DA:1434,0
DA:1435,0
DA:1436,0
DA:1438,0
DA:1439,0
DA:1440,0
DA:1441,0
DA:1442,0
DA:1443,0
DA:1444,0
DA:1445,0
DA:1447,0
DA:1448,0
DA:1449,0
DA:1450,0
DA:1451,0
DA:1452,0
DA:1453,0
DA:1454,0
DA:1455,0
DA:1456,0
DA:1458,0
DA:1459,0
DA:1460,0
DA:1461,0
DA:1462,0
DA:1463,0
DA:1464,0
DA:1465,0
DA:1467,0
DA:1468,0
DA:1469,0
DA:1470,0
DA:1471,0
DA:1472,0
DA:1473,0
DA:1474,0
DA:1475,0
DA:1476,0
DA:1478,0
DA:1479,0
DA:1480,0
DA:1481,0
DA:1482,0
DA:1483,0
DA:1484,0
DA:1485,0
DA:1489,0
DA:1490,0
DA:1491,0
DA:1494,0
DA:1495,0
DA:1498,0
DA:1500,0
DA:1504,0
DA:1505,0
DA:1506,0
DA:1510,0
DA:1511,0
DA:1515,0
DA:1516,0
DA:1517,0
DA:1518,0
DA:1519,0
DA:1520,0
DA:1521,0
DA:1522,0
DA:1525,0
DA:1526,0
DA:1527,0
DA:1528,0
DA:1529,0
DA:1530,0
DA:1531,0
DA:1532,0
DA:1536,0
DA:1537,0
DA:1540,0
DA:1541,0
DA:1542,0
DA:1543,0
DA:1544,0
DA:1548,0
DA:1549,0
DA:1553,0
DA:1554,0
DA:1555,0
DA:1556,0
DA:1557,0
DA:1558,0
DA:1559,0
DA:1560,0
DA:1565,0
DA:1566,0
DA:1567,0
DA:1568,0
DA:1569,0
DA:1572,0
DA:1573,0
DA:1578,0
DA:1580,0
DA:1583,0
DA:1586,0
DA:1590,0
DA:1591,0
DA:1592,0
DA:1596,0
DA:1597,0
DA:1601,0
DA:1602,0
DA:1603,0
DA:1604,0
DA:1605,0
DA:1606,0
DA:1607,0
DA:1608,0
DA:1611,0
DA:1612,0
DA:1613,0
DA:1614,0
DA:1615,0
DA:1616,0
DA:1617,0
DA:1618,0
DA:1619,0
DA:1620,0
DA:1622,0
DA:1623,0
DA:1624,0
DA:1625,0
DA:1626,0
DA:1627,0
DA:1628,0
DA:1629,0
DA:1630,0
DA:1631,0
DA:1633,0
DA:1634,0
DA:1635,0
DA:1636,0
DA:1637,0
DA:1638,0
DA:1639,0
DA:1640,0
DA:1644,0
DA:1645,0
DA:1646,0
DA:1647,0
DA:1648,0
DA:1649,0
DA:1652,0
DA:1653,0
DA:1659,0
DA:1661,0
DA:1664,0
DA:1667,0
DA:1670,0
DA:1674,0
DA:1675,0
DA:1676,0
DA:1680,0
DA:1681,0
DA:1685,0
DA:1686,0
DA:1687,0
DA:1688,0
DA:1689,0
DA:1690,0
DA:1691,0
DA:1692,0
DA:1695,0
DA:1696,0
DA:1697,0
DA:1698,0
DA:1699,0
DA:1700,0
DA:1701,0
DA:1702,0
DA:1704,0
DA:1705,0
DA:1706,0
DA:1707,0
DA:1708,0
DA:1709,0
DA:1710,0
DA:1711,0
DA:1712,0
DA:1713,0
DA:1715,0
DA:1716,0
DA:1717,0
DA:1718,0
DA:1719,0
DA:1720,0
DA:1721,0
DA:1722,0
DA:1723,0
DA:1724,0
DA:1726,0
DA:1727,0
DA:1728,0
DA:1729,0
DA:1730,0
DA:1731,0
DA:1732,0
DA:1733,0
DA:1737,0
DA:1738,0
DA:1739,0
DA:1740,0
DA:1741,0
DA:1742,0
DA:1745,0
DA:1746,0
DA:1752,0
DA:1754,0
DA:1757,0
DA:1760,0
DA:1763,0
DA:1767,0
DA:1768,0
DA:1769,0
DA:1773,0
DA:1774,0
DA:1778,0
DA:1779,0
DA:1780,0
DA:1781,0
DA:1782,0
DA:1783,0
DA:1784,0
DA:1785,0
DA:1788,0
DA:1789,0
DA:1790,0
DA:1791,0
DA:1792,0
DA:1793,0
DA:1794,0
DA:1795,0
DA:1797,0
DA:1798,0
DA:1799,0
DA:1800,0
DA:1801,0
DA:1802,0
DA:1803,0
DA:1804,0
DA:1805,0
DA:1806,0
DA:1808,0
DA:1809,0
DA:1810,0
DA:1811,0
DA:1812,0
DA:1813,0
DA:1814,0
DA:1815,0
DA:1816,0
DA:1817,0
DA:1819,0
DA:1820,0
DA:1821,0
DA:1822,0
DA:1823,0
DA:1824,0
DA:1825,0
DA:1826,0
DA:1830,0
DA:1831,0
DA:1832,0
DA:1833,0
DA:1836,0
DA:1837,0
DA:1841,0
DA:1843,0
DA:1846,0
DA:1850,0
DA:1851,0
DA:1852,0
DA:1856,0
DA:1857,0
DA:1861,0
DA:1862,0
DA:1863,0
DA:1864,0
DA:1865,0
DA:1866,0
DA:1867,0
DA:1868,0
DA:1871,0
DA:1872,0
DA:1873,0
DA:1874,0
DA:1875,0
DA:1876,0
DA:1877,0
DA:1878,0
DA:1880,0
DA:1881,0
DA:1882,0
DA:1883,0
DA:1884,0
DA:1885,0
DA:1886,0
DA:1887,0
LF:1241
LH:0
end_of_record
SF:lib/data/repositories/branch_repository_impl.dart
DA:9,0
DA:10,0
DA:11,0
DA:17,1
DA:19,1
DA:22,3
DA:23,2
DA:24,1
DA:26,1
DA:27,1
DA:29,0
LF:11
LH:7
end_of_record
SF:lib/data/repositories/courier_repository_impl.dart
DA:9,0
DA:10,0
DA:11,0
DA:17,1
DA:19,1
DA:22,3
DA:23,1
DA:24,1
DA:26,1
DA:27,1
DA:31,1
DA:34,3
DA:35,1
DA:36,1
DA:38,1
DA:39,1
DA:43,1
DA:46,3
DA:47,2
DA:48,1
DA:50,1
DA:51,1
DA:55,1
DA:58,3
DA:59,2
DA:60,1
DA:62,1
DA:63,1
DA:67,1
DA:70,3
DA:71,2
DA:72,1
DA:74,1
DA:75,1
LF:34
LH:31
end_of_record
SF:lib/data/repositories/order_repository_impl.dart
DA:9,0
DA:10,0
DA:11,0
DA:17,0
DA:19,0
DA:22,0
DA:23,0
DA:24,0
DA:26,0
DA:27,0
LF:10
LH:0
end_of_record
SF:lib/domain/entities/order.dart
DA:14,0
DA:25,0
DA:26,0
DA:27,0
DA:28,0
DA:29,0
DA:30,0
DA:31,0
DA:32,0
DA:33,0
DA:35,0
DA:36,0
DA:37,0
DA:38,0
DA:39,0
DA:40,0
DA:41,0
DA:42,0
DA:43,0
DA:46,0
DA:47,0
DA:48,0
DA:49,0
DA:50,0
DA:51,0
DA:52,0
DA:53,0
DA:54,0
DA:55,0
DA:65,0
DA:66,0
DA:67,0
DA:68,0
DA:71,0
DA:77,0
DA:78,0
DA:79,0
DA:80,0
DA:81,0
LF:39
LH:0
end_of_record
SF:lib/domain/usecases/branch/get_branch_by_id.dart
DA:7,1
DA:9,1
DA:10,3
LF:3
LH:3
end_of_record
SF:lib/domain/usecases/courier/courier_update.dart
DA:7,1
DA:9,1
DA:10,2
LF:3
LH:3
end_of_record
SF:lib/domain/usecases/courier/direction.dart
DA:8,1
DA:10,3
DA:11,1
DA:12,1
DA:13,1
DA:14,1
DA:15,1
LF:7
LH:7
end_of_record
SF:lib/domain/usecases/courier/get_by_id.dart
DA:7,1
DA:9,1
DA:10,3
LF:3
LH:3
end_of_record
SF:lib/domain/usecases/delivery/delivery_by_id.dart
DA:7,1
DA:9,3
LF:2
LH:2
end_of_record
SF:lib/domain/usecases/delivery/delivery_complete.dart
DA:7,1
DA:9,3
LF:2
LH:2
end_of_record
SF:lib/domain/usecases/delivery/delivery_in_deliv.dart
DA:8,1
DA:10,1
DA:11,2
DA:12,3
LF:4
LH:4
end_of_record
SF:lib/domain/usecases/delivery/delivery_in_pending.dart
DA:7,1
DA:9,4
LF:2
LH:2
end_of_record
SF:lib/domain/usecases/delivery/delivery_make.dart
DA:7,1
DA:9,3
LF:2
LH:2
end_of_record
SF:lib/domain/usecases/order/order_by_id.dart
DA:7,0
DA:9,0
LF:2
LH:0
end_of_record
SF:lib/firebase/storage.dart
DA:6,0
DA:7,0
DA:8,0
DA:12,0
DA:13,0
DA:17,0
DA:18,0
DA:22,0
LF:8
LH:0
end_of_record
SF:lib/main_controller.dart
DA:7,0
DA:9,0
DA:10,0
DA:11,0
DA:12,0
DA:17,0
DA:20,0
DA:23,0
DA:25,0
DA:26,0
DA:27,0
DA:28,0
DA:29,0
DA:32,0
DA:33,0
DA:36,0
DA:40,0
DA:41,0
DA:43,0
DA:44,0
DA:45,0
DA:46,0
LF:22
LH:0
end_of_record
SF:lib/presentation/page/home/view_pending.dart
DA:10,0
DA:13,0
DA:14,0
DA:15,0
DA:16,0
DA:21,0
DA:23,0
DA:24,0
DA:25,0
DA:26,0
DA:29,0
DA:34,0
DA:36,0
DA:37,0
DA:40,0
DA:41,0
DA:42,0
DA:43,0
DA:46,0
DA:53,0
DA:55,0
DA:58,0
DA:59,0
DA:60,0
DA:63,0
DA:64,0
DA:65,0
DA:66,0
DA:67,0
DA:68,0
DA:71,0
DA:72,0
DA:73,0
DA:74,0
DA:78,0
DA:80,0
DA:82,0
DA:83,0
DA:84,0
DA:86,0
DA:87,0
LF:41
LH:0
end_of_record
SF:lib/presentation/page/home/view_proses.dart
DA:10,0
DA:13,0
DA:14,0
DA:15,0
DA:16,0
DA:21,0
DA:23,0
DA:24,0
DA:25,0
DA:26,0
DA:29,0
DA:34,0
DA:36,0
DA:37,0
DA:40,0
DA:41,0
DA:42,0
DA:43,0
DA:46,0
DA:53,0
DA:55,0
DA:57,0
DA:58,0
DA:59,0
DA:62,0
DA:63,0
DA:64,0
DA:65,0
DA:66,0
DA:67,0
DA:70,0
DA:71,0
DA:72,0
DA:73,0
DA:77,0
DA:79,0
DA:81,0
DA:82,0
DA:83,0
DA:85,0
DA:86,0
LF:41
LH:0
end_of_record
SF:lib/presentation/page/page_edit_profile.dart
DA:20,0
DA:21,0
DA:22,0
DA:23,0
DA:26,0
DA:27,0
DA:28,0
DA:29,0
DA:32,0
DA:39,20
DA:43,0
DA:44,0
DA:45,0
DA:46,0
DA:47,0
DA:48,0
DA:49,0
DA:50,0
DA:51,0
DA:52,0
DA:64,0
DA:65,0
DA:66,0
DA:67,0
DA:68,0
DA:69,0
DA:72,0
DA:75,0
DA:77,0
DA:80,0
DA:81,0
DA:83,0
DA:84,0
DA:88,0
DA:90,0
DA:91,0
DA:92,0
DA:93,0
DA:94,0
DA:95,0
DA:96,0
DA:98,0
DA:99,0
DA:100,0
DA:106,0
DA:107,0
DA:108,0
DA:109,0
DA:110,0
DA:111,0
DA:112,0
DA:113,0
DA:114,0
DA:115,0
DA:116,0
DA:124,0
DA:130,20
DA:132,0
DA:134,0
DA:135,0
DA:136,0
DA:137,0
DA:138,0
DA:141,0
DA:142,0
DA:144,0
DA:145,0
DA:146,0
DA:148,0
DA:149,0
DA:150,0
DA:151,0
DA:152,0
DA:154,0
DA:156,0
DA:157,0
DA:158,0
DA:160,0
DA:163,0
DA:165,0
DA:166,0
DA:170,0
DA:177,0
DA:178,0
DA:180,0
DA:183,0
DA:185,0
DA:186,0
DA:190,0
DA:200,0
DA:201,0
DA:202,0
DA:205,0
DA:206,0
DA:210,0
DA:213,0
DA:215,0
DA:216,0
DA:227,0
DA:228,0
DA:236,0
DA:237,0
DA:244,0
DA:245,0
DA:252,0
DA:253,0
DA:260,0
DA:261,0
DA:262,0
DA:263,0
DA:264,0
DA:272,0
DA:274,0
DA:275,0
DA:279,0
DA:282,0
DA:283,0
DA:285,0
DA:286,0
DA:288,0
DA:291,0
DA:293,0
DA:294,0
DA:297,0
DA:302,0
DA:303,0
LF:126
LH:2
end_of_record
SF:lib/presentation/page/page_pengantaran.dart
DA:20,0
DA:23,0
DA:24,0
DA:25,0
DA:26,0
DA:31,0
DA:33,0
DA:34,0
DA:42,0
DA:44,0
DA:45,0
DA:48,0
DA:50,0
DA:51,0
DA:52,0
DA:57,0
DA:61,0
DA:62,0
DA:63,0
DA:65,0
DA:66,0
DA:69,0
DA:70,0
DA:71,0
DA:72,0
DA:76,0
DA:77,0
DA:82,0
DA:84,0
DA:90,0
DA:91,0
DA:94,0
DA:95,0
DA:96,0
DA:98,0
DA:99,0
DA:100,0
DA:102,0
DA:103,0
DA:104,0
DA:108,0
DA:110,0
DA:111,0
DA:113,0
DA:114,0
DA:115,0
DA:116,0
DA:120,0
DA:122,0
DA:124,0
DA:129,0
DA:130,0
DA:132,0
DA:138,0
DA:139,0
DA:140,0
DA:141,0
DA:143,0
DA:144,0
DA:161,0
DA:163,0
DA:164,0
DA:166,0
DA:167,0
DA:168,0
DA:169,0
DA:170,0
DA:173,0
DA:174,0
LF:69
LH:0
end_of_record
SF:lib/presentation/page/page_pengaturan_tema.dart
DA:6,20
DA:7,0
DA:9,0
DA:10,0
DA:11,0
DA:14,0
DA:15,0
DA:16,0
DA:18,0
DA:19,0
DA:20,0
DA:24,0
DA:26,0
DA:27,0
DA:28,0
DA:32,0
DA:34,0
DA:35,0
DA:36,0
LF:19
LH:1
end_of_record
SF:lib/presentation/page/page_photo_view.dart
DA:5,0
DA:7,0
DA:9,0
DA:10,0
DA:11,0
DA:12,0
DA:13,0
DA:14,0
DA:15,0
DA:16,0
DA:17,0
LF:11
LH:0
end_of_record
SF:lib/presentation/page/page_rincian_pengantaran.dart
DA:20,0
DA:21,0
DA:22,0
DA:23,0
DA:26,0
DA:27,0
DA:28,0
DA:29,0
DA:32,0
DA:35,0
DA:36,0
DA:37,0
DA:38,0
DA:39,0
DA:40,0
DA:41,0
DA:43,0
DA:45,0
DA:56,0
DA:58,0
DA:65,0
DA:67,0
DA:68,0
DA:69,0
DA:74,0
DA:78,0
DA:80,0
DA:81,0
DA:87,0
DA:89,0
DA:91,0
DA:92,0
DA:93,0
DA:94,0
DA:97,0
DA:98,0
DA:99,0
DA:100,0
DA:101,0
DA:102,0
DA:103,0
DA:104,0
DA:105,0
DA:106,0
DA:108,0
DA:109,0
DA:110,0
DA:111,0
DA:112,0
DA:113,0
DA:114,0
DA:115,0
DA:116,0
DA:120,0
DA:121,0
DA:126,0
DA:127,0
DA:129,0
DA:130,0
DA:131,0
DA:132,0
DA:135,0
DA:136,0
DA:137,0
DA:140,0
DA:142,0
DA:146,0
DA:147,0
DA:148,0
DA:155,0
DA:156,0
DA:157,0
DA:159,0
DA:160,0
DA:161,0
DA:162,0
DA:163,0
DA:166,0
DA:167,0
DA:168,0
DA:173,0
DA:174,0
DA:177,0
DA:178,0
DA:180,0
DA:181,0
DA:182,0
DA:183,0
DA:187,0
DA:190,0
DA:191,0
DA:192,0
DA:195,0
DA:197,0
DA:198,0
DA:199,0
DA:200,0
DA:202,0
DA:204,0
DA:205,0
DA:206,0
DA:207,0
DA:208,0
DA:209,0
DA:212,0
DA:213,0
DA:214,0
DA:215,0
DA:218,0
DA:219,0
DA:222,0
DA:223,0
DA:224,0
DA:225,0
DA:230,0
DA:231,0
DA:233,0
DA:235,0
DA:238,0
DA:239,0
DA:240,0
DA:242,0
DA:244,0
DA:245,0
DA:246,0
DA:248,0
DA:250,0
DA:253,0
DA:254,0
DA:255,0
DA:256,0
DA:257,0
DA:258,0
DA:259,0
DA:261,0
DA:262,0
DA:263,0
DA:264,0
DA:265,0
DA:274,0
DA:284,0
DA:287,0
DA:288,0
DA:289,0
DA:297,0
DA:299,0
DA:300,0
DA:302,0
DA:303,0
DA:304,0
DA:305,0
DA:307,0
DA:308,0
DA:310,0
DA:313,0
DA:315,0
DA:317,0
DA:320,0
DA:335,0
DA:337,0
DA:340,0
DA:341,0
DA:342,0
DA:344,0
DA:345,0
DA:346,0
DA:347,0
DA:352,0
DA:354,0
DA:360,0
DA:361,0
DA:362,0
DA:363,0
DA:364,0
DA:366,0
DA:368,0
DA:369,0
DA:386,0
DA:387,0
DA:389,0
DA:390,0
DA:392,0
DA:393,0
DA:397,0
DA:398,0
DA:399,0
DA:400,0
DA:410,0
DA:421,0
DA:422,0
LF:190
LH:0
end_of_record
SF:lib/presentation/page/page_selisih_barang.dart
DA:12,0
DA:13,0
DA:14,0
DA:21,0
DA:23,0
DA:25,0
DA:26,0
DA:28,0
DA:29,0
DA:32,0
DA:33,0
DA:35,0
DA:37,0
DA:38,0
DA:39,0
DA:40,0
DA:42,0
DA:44,0
DA:45,0
DA:47,0
DA:48,0
DA:50,0
DA:51,0
DA:52,0
DA:53,0
DA:56,0
DA:58,0
DA:61,0
DA:62,0
DA:63,0
DA:64,0
DA:65,0
DA:78,0
DA:79,0
DA:80,0
DA:81,0
DA:82,0
DA:84,0
DA:88,0
DA:89,0
DA:90,0
DA:92,0
DA:93,0
DA:94,0
DA:97,0
DA:111,0
DA:112,0
DA:114,0
DA:115,0
DA:116,0
DA:117,0
DA:118,0
DA:121,0
LF:53
LH:0
end_of_record
SF:lib/presentation/page/page_webview.dart
DA:8,0
DA:10,0
DA:11,0
DA:15,0
DA:17,0
DA:18,0
DA:21,0
DA:23,0
DA:24,0
DA:25,0
DA:26,0
DA:30,0
LF:12
LH:0
end_of_record
SF:lib/domain/usecases/courier/courier_login.dart
DA:7,1
DA:9,1
DA:10,3
LF:3
LH:3
end_of_record
SF:lib/domain/usecases/courier/courier_login_verify.dart
DA:7,1
DA:9,1
DA:10,3
LF:3
LH:3
end_of_record
SF:lib/domain/usecases/delivery/delivery_by_order_id_in_pending.dart
DA:7,1
DA:9,3
LF:2
LH:2
end_of_record
SF:lib/domain/usecases/delivery/delivery_in_complete.dart
DA:7,1
DA:9,4
LF:2
LH:2
end_of_record
SF:lib/domain/usecases/delivery/delivery_by_order_id.dart
DA:7,1
DA:9,3
LF:2
LH:2
end_of_record
